Using pre-set license
Built from '2021.3/china_unity/release' branch; Version is '2021.3.0f1c1 (c833db084d5b) revision 13120475'; Using compiler version '192829333'; Build Type 'Release'
OS: 'Windows 10  (10.0.19044) 64bit Professional' Language: 'zh' Physical Memory: 65257 MB
BatchMode: 1, IsHumanControllingUs: 0, StartBugReporterOnCrash: 0, Is64bit: 1, IsPro: 1

COMMAND LINE ARGUMENTS:
C:\Program Files\Unity\Hub\Editor\2021.3.0f1c1\Editor\Unity.exe
-adb2
-batchMode
-noUpm
-name
AssetImportWorker1
-projectPath
E:/HQFrameWork
-logFile
Logs/AssetImportWorker1.log
-srvPort
6616
Successfully changed project path to: E:/HQFrameWork
E:/HQFrameWork
[UnityMemory] Configuration Parameters - Can be set up in boot.config
    "memorysetup-bucket-allocator-granularity=16"
    "memorysetup-bucket-allocator-bucket-count=8"
    "memorysetup-bucket-allocator-block-size=33554432"
    "memorysetup-bucket-allocator-block-count=8"
    "memorysetup-main-allocator-block-size=16777216"
    "memorysetup-thread-allocator-block-size=16777216"
    "memorysetup-gfx-main-allocator-block-size=16777216"
    "memorysetup-gfx-thread-allocator-block-size=16777216"
    "memorysetup-cache-allocator-block-size=4194304"
    "memorysetup-typetree-allocator-block-size=2097152"
    "memorysetup-profiler-bucket-allocator-granularity=16"
    "memorysetup-profiler-bucket-allocator-bucket-count=8"
    "memorysetup-profiler-bucket-allocator-block-size=33554432"
    "memorysetup-profiler-bucket-allocator-block-count=8"
    "memorysetup-profiler-allocator-block-size=16777216"
    "memorysetup-profiler-editor-allocator-block-size=1048576"
    "memorysetup-temp-allocator-size-main=16777216"
    "memorysetup-job-temp-allocator-block-size=2097152"
    "memorysetup-job-temp-allocator-block-size-background=1048576"
    "memorysetup-job-temp-allocator-reduction-small-platforms=262144"
    "memorysetup-temp-allocator-size-background-worker=32768"
    "memorysetup-temp-allocator-size-job-worker=262144"
    "memorysetup-temp-allocator-size-preload-manager=33554432"
    "memorysetup-temp-allocator-size-nav-mesh-worker=65536"
    "memorysetup-temp-allocator-size-audio-worker=65536"
    "memorysetup-temp-allocator-size-cloud-worker=32768"
    "memorysetup-temp-allocator-size-gi-baking-worker=262144"
    "memorysetup-temp-allocator-size-gfx=262144"
AS: AutoStreaming module initializing.
Refreshing native plugins compatible for Editor in 82.58 ms, found 3 plugins.
Preloading 0 native plugins for Editor in 0.00 ms.
Initialize engine version: 2021.3.0f1c1 (c833db084d5b)
[Subsystems] Discovering subsystems at path C:/Program Files/Unity/Hub/Editor/2021.3.0f1c1/Editor/Data/Resources/UnitySubsystems
[Subsystems] Discovering subsystems at path E:/HQFrameWork/Assets
GfxDevice: creating device client; threaded=0; jobified=0
Direct3D:
    Version:  Direct3D 11.0 [level 11.1]
    Renderer: NVIDIA GeForce RTX 3060 (ID=0x2504)
    Vendor:   NVIDIA
    VRAM:     12142 MB
    Driver:   30.0.15.1123
Initialize mono
Mono path[0] = 'C:/Program Files/Unity/Hub/Editor/2021.3.0f1c1/Editor/Data/Managed'
Mono path[1] = 'C:/Program Files/Unity/Hub/Editor/2021.3.0f1c1/Editor/Data/MonoBleedingEdge/lib/mono/unityjit-win32'
Mono config path = 'C:/Program Files/Unity/Hub/Editor/2021.3.0f1c1/Editor/Data/MonoBleedingEdge/etc'
Using monoOptions --debugger-agent=transport=dt_socket,embedding=1,server=y,suspend=n,address=127.0.0.1:56964
Begin MonoManager ReloadAssembly
Registering precompiled unity dll's ...
Register platform support module: C:/Program Files/Unity/Hub/Editor/2021.3.0f1c1/Editor/Data/PlaybackEngines/WindowsStandaloneSupport/UnityEditor.WindowsStandalone.Extensions.dll
Registered in 0.006882 seconds.
Native extension for WindowsStandalone target not found
Refreshing native plugins compatible for Editor in 81.47 ms, found 3 plugins.
Preloading 0 native plugins for Editor in 0.00 ms.
Mono: successfully reloaded assembly
- Completed reload, in  0.598 seconds
Domain Reload Profiling:
	ReloadAssembly (598ms)
		BeginReloadAssembly (87ms)
			ExecutionOrderSort (0ms)
			DisableScriptedObjects (0ms)
			BackupInstance (0ms)
			ReleaseScriptingObjects (0ms)
			CreateAndSetChildDomain (1ms)
		EndReloadAssembly (393ms)
			LoadAssemblies (74ms)
			RebuildTransferFunctionScriptingTraits (0ms)
			SetupTypeCache (80ms)
			ReleaseScriptCaches (0ms)
			RebuildScriptCaches (23ms)
			SetupLoadedEditorAssemblies (232ms)
				LogAssemblyErrors (0ms)
				InitializePlatformSupportModulesInManaged (7ms)
				SetLoadedEditorAssemblies (0ms)
				RefreshPlugins (82ms)
				BeforeProcessingInitializeOnLoad (2ms)
				ProcessInitializeOnLoadAttributes (103ms)
				ProcessInitializeOnLoadMethodAttributes (39ms)
				AfterProcessingInitializeOnLoad (0ms)
				EditorAssembliesLoaded (0ms)
			ExecutionOrderSort2 (0ms)
			AwakeInstancesAfterBackupRestoration (0ms)
Platform modules already initialized, skipping
Registering precompiled user dll's ...
Registered in 0.023229 seconds.
Begin MonoManager ReloadAssembly
Symbol file LoadedFromMemory doesn't match image E:\HQFrameWork\Library\PackageCache\com.unity.visualscripting@1.7.6\Editor\VisualScripting.Core\Dependencies\YamlDotNet\Unity.VisualScripting.YamlDotNet.dll
Symbol file LoadedFromMemory is not a mono symbol file
Symbol file LoadedFromMemory doesn't match image E:\HQFrameWork\Library\PackageCache\com.unity.visualscripting@1.7.6\Editor\VisualScripting.Core\Dependencies\DotNetZip\Unity.VisualScripting.IonicZip.dll
Native extension for WindowsStandalone target not found
Refreshing native plugins compatible for Editor in 74.26 ms, found 3 plugins.
Preloading 0 native plugins for Editor in 0.00 ms.
Mono: successfully reloaded assembly
- Completed reload, in  1.159 seconds
Domain Reload Profiling:
	ReloadAssembly (1160ms)
		BeginReloadAssembly (161ms)
			ExecutionOrderSort (0ms)
			DisableScriptedObjects (7ms)
			BackupInstance (0ms)
			ReleaseScriptingObjects (0ms)
			CreateAndSetChildDomain (27ms)
		EndReloadAssembly (848ms)
			LoadAssemblies (142ms)
			RebuildTransferFunctionScriptingTraits (0ms)
			SetupTypeCache (181ms)
			ReleaseScriptCaches (0ms)
			RebuildScriptCaches (45ms)
			SetupLoadedEditorAssemblies (470ms)
				LogAssemblyErrors (0ms)
				InitializePlatformSupportModulesInManaged (4ms)
				SetLoadedEditorAssemblies (0ms)
				RefreshPlugins (74ms)
				BeforeProcessingInitializeOnLoad (112ms)
				ProcessInitializeOnLoadAttributes (194ms)
				ProcessInitializeOnLoadMethodAttributes (62ms)
				AfterProcessingInitializeOnLoad (22ms)
				EditorAssembliesLoaded (0ms)
			ExecutionOrderSort2 (0ms)
			AwakeInstancesAfterBackupRestoration (6ms)
Platform modules already initialized, skipping
========================================================================
Worker process is ready to serve import requests
Launched and connected shader compiler UnityShaderCompiler.exe after 0.08 seconds
Refreshing native plugins compatible for Editor in 0.65 ms, found 3 plugins.
Preloading 0 native plugins for Editor in 0.00 ms.
Unloading 4851 Unused Serialized files (Serialized files now loaded: 0)
Unloading 32 unused Assets / (0.7 MB). Loaded Objects now: 5309.
Memory consumption went from 188.6 MB to 187.9 MB.
Total: 2.462000 ms (FindLiveObjects: 0.297800 ms CreateObjectMapping: 0.142400 ms MarkObjects: 1.822700 ms  DeleteObjects: 0.198300 ms)

AssetImportParameters requested are different than current active one (requested -> active):
  custom:video-decoder-ogg-theora: a1e56fd34408186e4bbccfd4996cb3dc -> 
  custom:container-muxer-webm: aa71ff27fc2769a1b78a27578f13a17b -> 
  custom:container-demuxer-webm: 4f35f7cbe854078d1ac9338744f61a02 -> 
  custom:video-encoder-webm-vp8: eb34c28f22e8b96e1ab97ce403110664 -> 
  custom:audio-encoder-webm-vorbis: bf7c407c2cedff20999df2af8eb42d56 -> 
  custom:framework-win-MediaFoundation: 216162199b28c13a410421893ffa2e32 -> 
  custom:container-demuxer-ogg: 62fdf1f143b41e24485cea50d1cbac27 -> 
  custom:video-decoder-webm-vp8: 9c59270c3fd7afecdb556c50c9e8de78 -> 
  custom:audio-decoder-ogg-vorbis: bf7c407c2cedff20999df2af8eb42d56 -> 
========================================================================
Received Prepare
Registering precompiled user dll's ...
Registered in 0.064389 seconds.
Begin MonoManager ReloadAssembly
Symbol file LoadedFromMemory doesn't match image E:\HQFrameWork\Library\PackageCache\com.unity.visualscripting@1.7.6\Editor\VisualScripting.Core\Dependencies\YamlDotNet\Unity.VisualScripting.YamlDotNet.dll
Symbol file LoadedFromMemory is not a mono symbol file
Symbol file LoadedFromMemory doesn't match image E:\HQFrameWork\Library\PackageCache\com.unity.visualscripting@1.7.6\Editor\VisualScripting.Core\Dependencies\DotNetZip\Unity.VisualScripting.IonicZip.dll
Native extension for WindowsStandalone target not found
Refreshing native plugins compatible for Editor in 98.03 ms, found 5 plugins.
Preloading 0 native plugins for Editor in 0.00 ms.
Mono: successfully reloaded assembly
- Completed reload, in  1.341 seconds
Domain Reload Profiling:
	ReloadAssembly (1342ms)
		BeginReloadAssembly (151ms)
			ExecutionOrderSort (0ms)
			DisableScriptedObjects (5ms)
			BackupInstance (0ms)
			ReleaseScriptingObjects (0ms)
			CreateAndSetChildDomain (30ms)
		EndReloadAssembly (1047ms)
			LoadAssemblies (153ms)
			RebuildTransferFunctionScriptingTraits (0ms)
			SetupTypeCache (310ms)
			ReleaseScriptCaches (1ms)
			RebuildScriptCaches (40ms)
			SetupLoadedEditorAssemblies (482ms)
				LogAssemblyErrors (0ms)
				InitializePlatformSupportModulesInManaged (11ms)
				SetLoadedEditorAssemblies (0ms)
				RefreshPlugins (98ms)
				BeforeProcessingInitializeOnLoad (86ms)
				ProcessInitializeOnLoadAttributes (193ms)
				ProcessInitializeOnLoadMethodAttributes (67ms)
				AfterProcessingInitializeOnLoad (25ms)
				EditorAssembliesLoaded (0ms)
			ExecutionOrderSort2 (0ms)
			AwakeInstancesAfterBackupRestoration (7ms)
Platform modules already initialized, skipping
Refreshing native plugins compatible for Editor in 8.35 ms, found 5 plugins.
Preloading 0 native plugins for Editor in 0.00 ms.
Unloading 5565 Unused Serialized files (Serialized files now loaded: 0)
Unloading 51 unused Assets / (0.7 MB). Loaded Objects now: 6075.
Memory consumption went from 205.5 MB to 204.9 MB.
Total: 3.039100 ms (FindLiveObjects: 0.352800 ms CreateObjectMapping: 0.224700 ms MarkObjects: 2.224600 ms  DeleteObjects: 0.235800 ms)

AssetImportParameters requested are different than current active one (requested -> active):
  custom:video-decoder-ogg-theora: a1e56fd34408186e4bbccfd4996cb3dc -> 
  custom:container-muxer-webm: aa71ff27fc2769a1b78a27578f13a17b -> 
  custom:container-demuxer-webm: 4f35f7cbe854078d1ac9338744f61a02 -> 
  custom:video-encoder-webm-vp8: eb34c28f22e8b96e1ab97ce403110664 -> 
  custom:audio-encoder-webm-vorbis: bf7c407c2cedff20999df2af8eb42d56 -> 
  custom:framework-win-MediaFoundation: 216162199b28c13a410421893ffa2e32 -> 
  custom:container-demuxer-ogg: 62fdf1f143b41e24485cea50d1cbac27 -> 
  custom:video-decoder-webm-vp8: 9c59270c3fd7afecdb556c50c9e8de78 -> 
  custom:audio-decoder-ogg-vorbis: bf7c407c2cedff20999df2af8eb42d56 -> 
========================================================================
Received Prepare
Registering precompiled user dll's ...
Registered in 0.054320 seconds.
Begin MonoManager ReloadAssembly
Symbol file LoadedFromMemory doesn't match image E:\HQFrameWork\Library\PackageCache\com.unity.visualscripting@1.7.6\Editor\VisualScripting.Core\Dependencies\YamlDotNet\Unity.VisualScripting.YamlDotNet.dll
Symbol file LoadedFromMemory is not a mono symbol file
Symbol file LoadedFromMemory doesn't match image E:\HQFrameWork\Library\PackageCache\com.unity.visualscripting@1.7.6\Editor\VisualScripting.Core\Dependencies\DotNetZip\Unity.VisualScripting.IonicZip.dll
Native extension for WindowsStandalone target not found
Refreshing native plugins compatible for Editor in 0.95 ms, found 5 plugins.
Preloading 0 native plugins for Editor in 0.00 ms.
System.Reflection.TargetInvocationException: Exception has been thrown by the target of an invocation. ---> System.NullReferenceException: Object reference not set to an instance of an object
  at QFramework.Pro.IMGUIGraphAssetModProcessor.OnReloadEditor () [0x0004e] in E:\HQFrameWork\Assets\QFramework\ToolKitsPro\GraphKit\IMGUI\Scripts\Editor\IMGUIGraphAssetModProcessor.cs:76 
  at (wrapper managed-to-native) System.Reflection.RuntimeMethodInfo.InternalInvoke(System.Reflection.RuntimeMethodInfo,object,object[],System.Exception&)
  at System.Reflection.RuntimeMethodInfo.Invoke (System.Object obj, System.Reflection.BindingFlags invokeAttr, System.Reflection.Binder binder, System.Object[] parameters, System.Globalization.CultureInfo culture) [0x0006a] in <6073cf49ed704e958b8a66d540dea948>:0 
   --- End of inner exception stack trace ---
  at System.Reflection.RuntimeMethodInfo.Invoke (System.Object obj, System.Reflection.BindingFlags invokeAttr, System.Reflection.Binder binder, System.Object[] parameters, System.Globalization.CultureInfo culture) [0x00083] in <6073cf49ed704e958b8a66d540dea948>:0 
  at System.Reflection.MethodBase.Invoke (System.Object obj, System.Object[] parameters) [0x00000] in <6073cf49ed704e958b8a66d540dea948>:0 
  at UnityEditor.EditorAssemblies.ProcessInitializeOnLoadMethodAttributes () [0x000a5] in <bdbae0e7a2b24e08ad2f04e9eab5eb82>:0 
UnityEngine.StackTraceUtility:ExtractStackTrace ()
UnityEngine.DebugLogHandler:LogFormat (UnityEngine.LogType,UnityEngine.Object,string,object[])
UnityEngine.Logger:Log (UnityEngine.LogType,object)
UnityEngine.Debug:LogError (object)
UnityEditor.EditorAssemblies:ProcessInitializeOnLoadMethodAttributes ()

Mono: successfully reloaded assembly
- Completed reload, in  1.208 seconds
Domain Reload Profiling:
	ReloadAssembly (1209ms)
		BeginReloadAssembly (147ms)
			ExecutionOrderSort (0ms)
			DisableScriptedObjects (4ms)
			BackupInstance (0ms)
			ReleaseScriptingObjects (0ms)
			CreateAndSetChildDomain (32ms)
		EndReloadAssembly (945ms)
			LoadAssemblies (134ms)
			RebuildTransferFunctionScriptingTraits (0ms)
			SetupTypeCache (285ms)
			ReleaseScriptCaches (1ms)
			RebuildScriptCaches (34ms)
			SetupLoadedEditorAssemblies (460ms)
				LogAssemblyErrors (0ms)
				InitializePlatformSupportModulesInManaged (10ms)
				SetLoadedEditorAssemblies (0ms)
				RefreshPlugins (1ms)
				BeforeProcessingInitializeOnLoad (78ms)
				ProcessInitializeOnLoadAttributes (205ms)
				ProcessInitializeOnLoadMethodAttributes (145ms)
				AfterProcessingInitializeOnLoad (20ms)
				EditorAssembliesLoaded (0ms)
			ExecutionOrderSort2 (0ms)
			AwakeInstancesAfterBackupRestoration (6ms)
Platform modules already initialized, skipping
Refreshing native plugins compatible for Editor in 4.90 ms, found 5 plugins.
Preloading 0 native plugins for Editor in 0.00 ms.
Unloading 6023 Unused Serialized files (Serialized files now loaded: 0)
Unloading 51 unused Assets / (0.9 MB). Loaded Objects now: 6551.
Memory consumption went from 222.1 MB to 221.2 MB.
Total: 2.737800 ms (FindLiveObjects: 0.308400 ms CreateObjectMapping: 0.192700 ms MarkObjects: 2.040500 ms  DeleteObjects: 0.195400 ms)

AssetImportParameters requested are different than current active one (requested -> active):
  custom:video-decoder-ogg-theora: a1e56fd34408186e4bbccfd4996cb3dc -> 
  custom:container-muxer-webm: aa71ff27fc2769a1b78a27578f13a17b -> 
  custom:container-demuxer-webm: 4f35f7cbe854078d1ac9338744f61a02 -> 
  custom:video-encoder-webm-vp8: eb34c28f22e8b96e1ab97ce403110664 -> 
  custom:audio-encoder-webm-vorbis: bf7c407c2cedff20999df2af8eb42d56 -> 
  custom:framework-win-MediaFoundation: 216162199b28c13a410421893ffa2e32 -> 
  custom:container-demuxer-ogg: 62fdf1f143b41e24485cea50d1cbac27 -> 
  custom:video-decoder-webm-vp8: 9c59270c3fd7afecdb556c50c9e8de78 -> 
  custom:audio-decoder-ogg-vorbis: bf7c407c2cedff20999df2af8eb42d56 -> 
========================================================================
Received Prepare
Registering precompiled user dll's ...
Registered in 0.056586 seconds.
Begin MonoManager ReloadAssembly
Symbol file LoadedFromMemory doesn't match image E:\HQFrameWork\Library\PackageCache\com.unity.visualscripting@1.7.6\Editor\VisualScripting.Core\Dependencies\YamlDotNet\Unity.VisualScripting.YamlDotNet.dll
Symbol file LoadedFromMemory is not a mono symbol file
Symbol file LoadedFromMemory doesn't match image E:\HQFrameWork\Library\PackageCache\com.unity.visualscripting@1.7.6\Editor\VisualScripting.Core\Dependencies\DotNetZip\Unity.VisualScripting.IonicZip.dll
Native extension for WindowsStandalone target not found
Refreshing native plugins compatible for Editor in 1.45 ms, found 5 plugins.
Preloading 0 native plugins for Editor in 0.00 ms.
System.Reflection.TargetInvocationException: Exception has been thrown by the target of an invocation. ---> System.NullReferenceException: Object reference not set to an instance of an object
  at QFramework.Pro.IMGUIGraphAssetModProcessor.OnReloadEditor () [0x0004e] in E:\HQFrameWork\Assets\QFramework\ToolKitsPro\GraphKit\IMGUI\Scripts\Editor\IMGUIGraphAssetModProcessor.cs:76 
  at (wrapper managed-to-native) System.Reflection.RuntimeMethodInfo.InternalInvoke(System.Reflection.RuntimeMethodInfo,object,object[],System.Exception&)
  at System.Reflection.RuntimeMethodInfo.Invoke (System.Object obj, System.Reflection.BindingFlags invokeAttr, System.Reflection.Binder binder, System.Object[] parameters, System.Globalization.CultureInfo culture) [0x0006a] in <6073cf49ed704e958b8a66d540dea948>:0 
   --- End of inner exception stack trace ---
  at System.Reflection.RuntimeMethodInfo.Invoke (System.Object obj, System.Reflection.BindingFlags invokeAttr, System.Reflection.Binder binder, System.Object[] parameters, System.Globalization.CultureInfo culture) [0x00083] in <6073cf49ed704e958b8a66d540dea948>:0 
  at System.Reflection.MethodBase.Invoke (System.Object obj, System.Object[] parameters) [0x00000] in <6073cf49ed704e958b8a66d540dea948>:0 
  at UnityEditor.EditorAssemblies.ProcessInitializeOnLoadMethodAttributes () [0x000a5] in <bdbae0e7a2b24e08ad2f04e9eab5eb82>:0 
UnityEngine.StackTraceUtility:ExtractStackTrace ()
UnityEngine.DebugLogHandler:LogFormat (UnityEngine.LogType,UnityEngine.Object,string,object[])
UnityEngine.Logger:Log (UnityEngine.LogType,object)
UnityEngine.Debug:LogError (object)
UnityEditor.EditorAssemblies:ProcessInitializeOnLoadMethodAttributes ()

Mono: successfully reloaded assembly
- Completed reload, in  1.851 seconds
Domain Reload Profiling:
	ReloadAssembly (1852ms)
		BeginReloadAssembly (246ms)
			ExecutionOrderSort (0ms)
			DisableScriptedObjects (5ms)
			BackupInstance (0ms)
			ReleaseScriptingObjects (0ms)
			CreateAndSetChildDomain (64ms)
		EndReloadAssembly (1377ms)
			LoadAssemblies (240ms)
			RebuildTransferFunctionScriptingTraits (0ms)
			SetupTypeCache (454ms)
			ReleaseScriptCaches (2ms)
			RebuildScriptCaches (49ms)
			SetupLoadedEditorAssemblies (600ms)
				LogAssemblyErrors (0ms)
				InitializePlatformSupportModulesInManaged (15ms)
				SetLoadedEditorAssemblies (1ms)
				RefreshPlugins (2ms)
				BeforeProcessingInitializeOnLoad (116ms)
				ProcessInitializeOnLoadAttributes (271ms)
				ProcessInitializeOnLoadMethodAttributes (171ms)
				AfterProcessingInitializeOnLoad (25ms)
				EditorAssembliesLoaded (0ms)
			ExecutionOrderSort2 (0ms)
			AwakeInstancesAfterBackupRestoration (6ms)
Platform modules already initialized, skipping
Refreshing native plugins compatible for Editor in 8.53 ms, found 5 plugins.
Preloading 0 native plugins for Editor in 0.00 ms.
Unloading 6182 Unused Serialized files (Serialized files now loaded: 0)
Unloading 54 unused Assets / (0.8 MB). Loaded Objects now: 6722.
Memory consumption went from 227.0 MB to 226.3 MB.
Total: 3.168200 ms (FindLiveObjects: 0.361500 ms CreateObjectMapping: 0.251400 ms MarkObjects: 2.293300 ms  DeleteObjects: 0.258900 ms)

AssetImportParameters requested are different than current active one (requested -> active):
  custom:video-decoder-ogg-theora: a1e56fd34408186e4bbccfd4996cb3dc -> 
  custom:container-muxer-webm: aa71ff27fc2769a1b78a27578f13a17b -> 
  custom:container-demuxer-webm: 4f35f7cbe854078d1ac9338744f61a02 -> 
  custom:video-encoder-webm-vp8: eb34c28f22e8b96e1ab97ce403110664 -> 
  custom:audio-encoder-webm-vorbis: bf7c407c2cedff20999df2af8eb42d56 -> 
  custom:framework-win-MediaFoundation: 216162199b28c13a410421893ffa2e32 -> 
  custom:container-demuxer-ogg: 62fdf1f143b41e24485cea50d1cbac27 -> 
  custom:video-decoder-webm-vp8: 9c59270c3fd7afecdb556c50c9e8de78 -> 
  custom:audio-decoder-ogg-vorbis: bf7c407c2cedff20999df2af8eb42d56 -> 
========================================================================
Received Prepare
Registering precompiled user dll's ...
Registered in 1.075204 seconds.
ArgumentException: An item with the same key has already been added. Key: 00000000000000000000000000000000
  at System.Collections.Generic.Dictionary`2[TKey,TValue].TryInsert (TKey key, TValue value, System.Collections.Generic.InsertionBehavior behavior) [0x0015a] in <6073cf49ed704e958b8a66d540dea948>:0 
  at System.Collections.Generic.Dictionary`2[TKey,TValue].Add (TKey key, TValue value) [0x00000] in <6073cf49ed704e958b8a66d540dea948>:0 
  at System.Linq.Enumerable.ToDictionary[TSource,TKey] (TSource[] source, System.Func`2[T,TResult] keySelector, System.Collections.Generic.IEqualityComparer`1[T] comparer) [0x0001c] in <1e18c5a6594041c9844bfd0b6618ee4a>:0 
  at System.Linq.Enumerable.ToDictionary[TSource,TKey] (System.Collections.Generic.IEnumerable`1[T] source, System.Func`2[T,TResult] keySelector, System.Collections.Generic.IEqualityComparer`1[T] comparer) [0x00043] in <1e18c5a6594041c9844bfd0b6618ee4a>:0 
  at System.Linq.Enumerable.ToDictionary[TSource,TKey] (System.Collections.Generic.IEnumerable`1[T] source, System.Func`2[T,TResult] keySelector) [0x00000] in <1e18c5a6594041c9844bfd0b6618ee4a>:0 
  at UnityEditor.Scripting.ScriptCompilation.LoadingAssemblyDefinition.SetAllCustomScriptAssemblyReferenceJsonsContents (System.String[] paths, System.String[] contents) [0x00172] in <bdbae0e7a2b24e08ad2f04e9eab5eb82>:0 
UnityEngine.DebugLogHandler:Internal_LogException(Exception, Object)
UnityEngine.DebugLogHandler:LogException(Exception, Object)
UnityEngine.Logger:LogException(Exception, Object)
UnityEngine.Debug:LogException(Exception)
UnityEditor.Scripting.ScriptCompilation.EditorCompilationInterface:LogException(Exception)
UnityEditor.Scripting.ScriptCompilation.EditorCompilationInterface:EmitExceptionsAsErrors(Exception[])
UnityEditor.Scripting.ScriptCompilation.EditorCompilationInterface:SetAllCustomScriptAssemblyReferenceJsons(String[], String[])

ArgumentException: An item with the same key has already been added. Key: 00000000000000000000000000000000
  at System.Collections.Generic.Dictionary`2[TKey,TValue].TryInsert (TKey key, TValue value, System.Collections.Generic.InsertionBehavior behavior) [0x0015a] in <6073cf49ed704e958b8a66d540dea948>:0 
  at System.Collections.Generic.Dictionary`2[TKey,TValue].Add (TKey key, TValue value) [0x00000] in <6073cf49ed704e958b8a66d540dea948>:0 
  at System.Linq.Enumerable.ToDictionary[TSource,TKey] (TSource[] source, System.Func`2[T,TResult] keySelector, System.Collections.Generic.IEqualityComparer`1[T] comparer) [0x0001c] in <1e18c5a6594041c9844bfd0b6618ee4a>:0 
  at System.Linq.Enumerable.ToDictionary[TSource,TKey] (System.Collections.Generic.IEnumerable`1[T] source, System.Func`2[T,TResult] keySelector, System.Collections.Generic.IEqualityComparer`1[T] comparer) [0x00043] in <1e18c5a6594041c9844bfd0b6618ee4a>:0 
  at System.Linq.Enumerable.ToDictionary[TSource,TKey] (System.Collections.Generic.IEnumerable`1[T] source, System.Func`2[T,TResult] keySelector) [0x00000] in <1e18c5a6594041c9844bfd0b6618ee4a>:0 
  at UnityEditor.Scripting.ScriptCompilation.LoadingAssemblyDefinition.SetAllCustomScriptAssemblyReferenceJsonsContents (System.String[] paths, System.String[] contents) [0x00172] in <bdbae0e7a2b24e08ad2f04e9eab5eb82>:0 
UnityEngine.DebugLogHandler:Internal_LogException(Exception, Object)
UnityEngine.DebugLogHandler:LogException(Exception, Object)
UnityEngine.Logger:LogException(Exception, Object)
UnityEngine.Debug:LogException(Exception)
UnityEditor.Scripting.ScriptCompilation.EditorCompilationInterface:LogException(Exception)
UnityEditor.Scripting.ScriptCompilation.EditorCompilationInterface:EmitExceptionsAsErrors(Exception[])
UnityEditor.Scripting.ScriptCompilation.EditorCompilationInterface:SetAllCustomScriptAssemblyReferenceJsons(String[], String[])

ArgumentException: An item with the same key has already been added. Key: 00000000000000000000000000000000
  at System.Collections.Generic.Dictionary`2[TKey,TValue].TryInsert (TKey key, TValue value, System.Collections.Generic.InsertionBehavior behavior) [0x0015a] in <6073cf49ed704e958b8a66d540dea948>:0 
  at System.Collections.Generic.Dictionary`2[TKey,TValue].Add (TKey key, TValue value) [0x00000] in <6073cf49ed704e958b8a66d540dea948>:0 
  at System.Linq.Enumerable.ToDictionary[TSource,TKey] (TSource[] source, System.Func`2[T,TResult] keySelector, System.Collections.Generic.IEqualityComparer`1[T] comparer) [0x0001c] in <1e18c5a6594041c9844bfd0b6618ee4a>:0 
  at System.Linq.Enumerable.ToDictionary[TSource,TKey] (System.Collections.Generic.IEnumerable`1[T] source, System.Func`2[T,TResult] keySelector, System.Collections.Generic.IEqualityComparer`1[T] comparer) [0x00043] in <1e18c5a6594041c9844bfd0b6618ee4a>:0 
  at System.Linq.Enumerable.ToDictionary[TSource,TKey] (System.Collections.Generic.IEnumerable`1[T] source, System.Func`2[T,TResult] keySelector) [0x00000] in <1e18c5a6594041c9844bfd0b6618ee4a>:0 
  at UnityEditor.Scripting.ScriptCompilation.LoadingAssemblyDefinition.SetAllCustomScriptAssemblyReferenceJsonsContents (System.String[] paths, System.String[] contents) [0x00172] in <bdbae0e7a2b24e08ad2f04e9eab5eb82>:0 
UnityEngine.DebugLogHandler:Internal_LogException(Exception, Object)
UnityEngine.DebugLogHandler:LogException(Exception, Object)
UnityEngine.Logger:LogException(Exception, Object)
UnityEngine.Debug:LogException(Exception)
UnityEditor.Scripting.ScriptCompilation.EditorCompilationInterface:LogException(Exception)
UnityEditor.Scripting.ScriptCompilation.EditorCompilationInterface:EmitExceptionsAsErrors(Exception[])
UnityEditor.Scripting.ScriptCompilation.EditorCompilationInterface:SetAllCustomScriptAssemblyReferenceJsons(String[], String[])

ArgumentException: An item with the same key has already been added. Key: 00000000000000000000000000000000
  at System.Collections.Generic.Dictionary`2[TKey,TValue].TryInsert (TKey key, TValue value, System.Collections.Generic.InsertionBehavior behavior) [0x0015a] in <6073cf49ed704e958b8a66d540dea948>:0 
  at System.Collections.Generic.Dictionary`2[TKey,TValue].Add (TKey key, TValue value) [0x00000] in <6073cf49ed704e958b8a66d540dea948>:0 
  at System.Linq.Enumerable.ToDictionary[TSource,TKey] (TSource[] source, System.Func`2[T,TResult] keySelector, System.Collections.Generic.IEqualityComparer`1[T] comparer) [0x0001c] in <1e18c5a6594041c9844bfd0b6618ee4a>:0 
  at System.Linq.Enumerable.ToDictionary[TSource,TKey] (System.Collections.Generic.IEnumerable`1[T] source, System.Func`2[T,TResult] keySelector, System.Collections.Generic.IEqualityComparer`1[T] comparer) [0x00043] in <1e18c5a6594041c9844bfd0b6618ee4a>:0 
  at System.Linq.Enumerable.ToDictionary[TSource,TKey] (System.Collections.Generic.IEnumerable`1[T] source, System.Func`2[T,TResult] keySelector) [0x00000] in <1e18c5a6594041c9844bfd0b6618ee4a>:0 
  at UnityEditor.Scripting.ScriptCompilation.LoadingAssemblyDefinition.SetAllCustomScriptAssemblyReferenceJsonsContents (System.String[] paths, System.String[] contents) [0x00172] in <bdbae0e7a2b24e08ad2f04e9eab5eb82>:0 
UnityEngine.DebugLogHandler:Internal_LogException(Exception, Object)
UnityEngine.DebugLogHandler:LogException(Exception, Object)
UnityEngine.Logger:LogException(Exception, Object)
UnityEngine.Debug:LogException(Exception)
UnityEditor.Scripting.ScriptCompilation.EditorCompilationInterface:LogException(Exception)
UnityEditor.Scripting.ScriptCompilation.EditorCompilationInterface:EmitExceptionsAsErrors(Exception[])
UnityEditor.Scripting.ScriptCompilation.EditorCompilationInterface:SetAllCustomScriptAssemblyReferenceJsons(String[], String[])

Begin MonoManager ReloadAssembly
Symbol file LoadedFromMemory doesn't match image E:\HQFrameWork\Library\PackageCache\com.unity.visualscripting@1.7.6\Editor\VisualScripting.Core\Dependencies\YamlDotNet\Unity.VisualScripting.YamlDotNet.dll
Symbol file LoadedFromMemory is not a mono symbol file
Symbol file LoadedFromMemory doesn't match image E:\HQFrameWork\Library\PackageCache\com.unity.visualscripting@1.7.6\Editor\VisualScripting.Core\Dependencies\DotNetZip\Unity.VisualScripting.IonicZip.dll
Native extension for WindowsStandalone target not found
Refreshing native plugins compatible for Editor in 0.86 ms, found 5 plugins.
Preloading 0 native plugins for Editor in 0.00 ms.
Assembly with name 'QFramework.CoreKit' already exists (Assets/Prefabs/QFramework/Toolkits/_CoreKit/QFramework.CoreKit.asmdef)
Assembly with name 'QFramework.CoreKit' already exists (Assets/QFramework/Toolkits/_CoreKit/QFramework.CoreKit.asmdef)
Assembly with name 'GraphKit.IMGUI.Editor' already exists (Assets/Prefabs/QFramework/ToolKitsPro/GraphKit/IMGUI/Scripts/Editor/GraphKit.IMGUI.Editor.asmdef)
Assembly with name 'GraphKit.IMGUI.Editor' already exists (Assets/QFramework/ToolKitsPro/GraphKit/IMGUI/Scripts/Editor/GraphKit.IMGUI.Editor.asmdef)
Assembly with name 'ResKit' already exists (Assets/Prefabs/QFramework/Toolkits/ResKit/Scripts/ResKit.asmdef)
Assembly with name 'ResKit' already exists (Assets/QFramework/Toolkits/ResKit/Scripts/ResKit.asmdef)
Assembly with name 'Documents.Editor' already exists (Assets/Prefabs/QFramework/Documents/Editor/Documents.Editor.asmdef)
Assembly with name 'Documents.Editor' already exists (Assets/QFramework/Documents/Editor/Documents.Editor.asmdef)
Assembly with name 'DocKit.Editor' already exists (Assets/Prefabs/QFramework/ToolKitsPro/DocKit/Editor/DocKit.Editor.asmdef)
Assembly with name 'DocKit.Editor' already exists (Assets/QFramework/ToolKitsPro/DocKit/Editor/DocKit.Editor.asmdef)
Assembly with name 'UIKit' already exists (Assets/Prefabs/QFramework/Toolkits/UIKit/Scripts/UIKit.asmdef)
Assembly with name 'UIKit' already exists (Assets/QFramework/Toolkits/UIKit/Scripts/UIKit.asmdef)
Assembly with name 'QFramework.CoreKitPro' already exists (Assets/Prefabs/QFramework/ToolKitsPro/_CoreKitPro/QFramework.CoreKitPro.asmdef)
Assembly with name 'QFramework.CoreKitPro' already exists (Assets/QFramework/ToolKitsPro/_CoreKitPro/QFramework.CoreKitPro.asmdef)
Assembly with name 'ResKit.Editor' already exists (Assets/Prefabs/QFramework/Toolkits/ResKit/Editor/ResKit.Editor.asmdef)
Assembly with name 'ResKit.Editor' already exists (Assets/QFramework/Toolkits/ResKit/Editor/ResKit.Editor.asmdef)
Assembly with name 'GraphKit.IMGUI' already exists (Assets/Prefabs/QFramework/ToolKitsPro/GraphKit/IMGUI/Scripts/GraphKit.IMGUI.asmdef)
Assembly with name 'GraphKit.IMGUI' already exists (Assets/QFramework/ToolKitsPro/GraphKit/IMGUI/Scripts/GraphKit.IMGUI.asmdef)
Assembly with name 'com.alelievr.NodeGraphProcessor.Runtime' already exists (Assets/Prefabs/QFramework/ToolKitsPro/GraphKit/NodeGraphProcessorModified/Runtime/com.alelievr.NodeGraphProcessor.Runtime.asmdef)
Assembly with name 'com.alelievr.NodeGraphProcessor.Runtime' already exists (Assets/QFramework/ToolKitsPro/GraphKit/NodeGraphProcessorModified/Runtime/com.alelievr.NodeGraphProcessor.Runtime.asmdef)
Assembly with name 'com.alelievr.NodeGraphProcessor.Editor' already exists (Assets/Prefabs/QFramework/ToolKitsPro/GraphKit/NodeGraphProcessorModified/Editor/com.alelievr.NodeGraphProcessor.Editor.asmdef)
Assembly with name 'com.alelievr.NodeGraphProcessor.Editor' already exists (Assets/QFramework/ToolKitsPro/GraphKit/NodeGraphProcessorModified/Editor/com.alelievr.NodeGraphProcessor.Editor.asmdef)
Assembly with name 'AudioKit' already exists (Assets/Prefabs/QFramework/Toolkits/AudioKit/Scripts/AudioKit.asmdef)
Assembly with name 'AudioKit' already exists (Assets/QFramework/Toolkits/AudioKit/Scripts/AudioKit.asmdef)
Assembly with name 'ParadoxNotion' already exists (Assets/Plugins/ParadoxNotion/ParadoxNotion.asmdef)
Assembly with name 'ParadoxNotion' already exists (Assets/ParadoxNotion/ParadoxNotion.asmdef)
Assembly with name 'UIKit.Editor' already exists (Assets/Prefabs/QFramework/Toolkits/UIKit/Editor/UIKit.Editor.asmdef)
Assembly with name 'UIKit.Editor' already exists (Assets/QFramework/Toolkits/UIKit/Editor/UIKit.Editor.asmdef)
Assembly with name 'QFramework' already exists (Assets/Prefabs/QFramework/Framework/Scripts/QFramework.asmdef)
Assembly with name 'QFramework' already exists (Assets/QFramework/Framework/Scripts/QFramework.asmdef)
ArgumentException: An item with the same key has already been added. Key: 00000000000000000000000000000000
  at System.Collections.Generic.Dictionary`2[TKey,TValue].TryInsert (TKey key, TValue value, System.Collections.Generic.InsertionBehavior behavior) [0x0015a] in <6073cf49ed704e958b8a66d540dea948>:0 
  at System.Collections.Generic.Dictionary`2[TKey,TValue].Add (TKey key, TValue value) [0x00000] in <6073cf49ed704e958b8a66d540dea948>:0 
  at System.Linq.Enumerable.ToDictionary[TSource,TKey] (TSource[] source, System.Func`2[T,TResult] keySelector, System.Collections.Generic.IEqualityComparer`1[T] comparer) [0x0001c] in <1e18c5a6594041c9844bfd0b6618ee4a>:0 
  at System.Linq.Enumerable.ToDictionary[TSource,TKey] (System.Collections.Generic.IEnumerable`1[T] source, System.Func`2[T,TResult] keySelector, System.Collections.Generic.IEqualityComparer`1[T] comparer) [0x00043] in <1e18c5a6594041c9844bfd0b6618ee4a>:0 
  at System.Linq.Enumerable.ToDictionary[TSource,TKey] (System.Collections.Generic.IEnumerable`1[T] source, System.Func`2[T,TResult] keySelector) [0x00000] in <1e18c5a6594041c9844bfd0b6618ee4a>:0 
  at UnityEditor.Scripting.ScriptCompilation.LoadingAssemblyDefinition.SetAllCustomScriptAssemblyReferenceJsonsContents (System.String[] paths, System.String[] contents) [0x00172] in <bdbae0e7a2b24e08ad2f04e9eab5eb82>:0 
UnityEngine.DebugLogHandler:Internal_LogException(Exception, Object)
UnityEngine.DebugLogHandler:LogException(Exception, Object)
UnityEngine.Logger:LogException(Exception, Object)
UnityEngine.Debug:LogException(Exception)
UnityEditor.Scripting.ScriptCompilation.EditorCompilationInterface:LogException(Exception)
UnityEditor.Scripting.ScriptCompilation.EditorCompilationInterface:EmitExceptionsAsErrors(Exception[])
UnityEditor.Scripting.ScriptCompilation.EditorCompilationInterface:SetAllCustomScriptAssemblyReferenceJsons(String[], String[])

ArgumentException: An item with the same key has already been added. Key: 00000000000000000000000000000000
  at System.Collections.Generic.Dictionary`2[TKey,TValue].TryInsert (TKey key, TValue value, System.Collections.Generic.InsertionBehavior behavior) [0x0015a] in <6073cf49ed704e958b8a66d540dea948>:0 
  at System.Collections.Generic.Dictionary`2[TKey,TValue].Add (TKey key, TValue value) [0x00000] in <6073cf49ed704e958b8a66d540dea948>:0 
  at System.Linq.Enumerable.ToDictionary[TSource,TKey] (TSource[] source, System.Func`2[T,TResult] keySelector, System.Collections.Generic.IEqualityComparer`1[T] comparer) [0x0001c] in <1e18c5a6594041c9844bfd0b6618ee4a>:0 
  at System.Linq.Enumerable.ToDictionary[TSource,TKey] (System.Collections.Generic.IEnumerable`1[T] source, System.Func`2[T,TResult] keySelector, System.Collections.Generic.IEqualityComparer`1[T] comparer) [0x00043] in <1e18c5a6594041c9844bfd0b6618ee4a>:0 
  at System.Linq.Enumerable.ToDictionary[TSource,TKey] (System.Collections.Generic.IEnumerable`1[T] source, System.Func`2[T,TResult] keySelector) [0x00000] in <1e18c5a6594041c9844bfd0b6618ee4a>:0 
  at UnityEditor.Scripting.ScriptCompilation.LoadingAssemblyDefinition.SetAllCustomScriptAssemblyReferenceJsonsContents (System.String[] paths, System.String[] contents) [0x00172] in <bdbae0e7a2b24e08ad2f04e9eab5eb82>:0 
UnityEngine.DebugLogHandler:Internal_LogException(Exception, Object)
UnityEngine.DebugLogHandler:LogException(Exception, Object)
UnityEngine.Logger:LogException(Exception, Object)
UnityEngine.Debug:LogException(Exception)
UnityEditor.Scripting.ScriptCompilation.EditorCompilationInterface:LogException(Exception)
UnityEditor.Scripting.ScriptCompilation.EditorCompilationInterface:EmitExceptionsAsErrors(Exception[])
UnityEditor.Scripting.ScriptCompilation.EditorCompilationInterface:SetAllCustomScriptAssemblyReferenceJsons(String[], String[])

System.Reflection.TargetInvocationException: Exception has been thrown by the target of an invocation. ---> System.NullReferenceException: Object reference not set to an instance of an object
  at QFramework.Pro.IMGUIGraphAssetModProcessor.OnReloadEditor () [0x0004e] in E:\HQFrameWork\Assets\Prefabs\QFramework\ToolKitsPro\GraphKit\IMGUI\Scripts\Editor\IMGUIGraphAssetModProcessor.cs:76 
  at (wrapper managed-to-native) System.Reflection.RuntimeMethodInfo.InternalInvoke(System.Reflection.RuntimeMethodInfo,object,object[],System.Exception&)
  at System.Reflection.RuntimeMethodInfo.Invoke (System.Object obj, System.Reflection.BindingFlags invokeAttr, System.Reflection.Binder binder, System.Object[] parameters, System.Globalization.CultureInfo culture) [0x0006a] in <6073cf49ed704e958b8a66d540dea948>:0 
   --- End of inner exception stack trace ---
  at System.Reflection.RuntimeMethodInfo.Invoke (System.Object obj, System.Reflection.BindingFlags invokeAttr, System.Reflection.Binder binder, System.Object[] parameters, System.Globalization.CultureInfo culture) [0x00083] in <6073cf49ed704e958b8a66d540dea948>:0 
  at System.Reflection.MethodBase.Invoke (System.Object obj, System.Object[] parameters) [0x00000] in <6073cf49ed704e958b8a66d540dea948>:0 
  at UnityEditor.EditorAssemblies.ProcessInitializeOnLoadMethodAttributes () [0x000a5] in <bdbae0e7a2b24e08ad2f04e9eab5eb82>:0 
UnityEngine.StackTraceUtility:ExtractStackTrace ()
UnityEngine.DebugLogHandler:LogFormat (UnityEngine.LogType,UnityEngine.Object,string,object[])
UnityEngine.Logger:Log (UnityEngine.LogType,object)
UnityEngine.Debug:LogError (object)
UnityEditor.EditorAssemblies:ProcessInitializeOnLoadMethodAttributes ()

Mono: successfully reloaded assembly
- Completed reload, in  1.228 seconds
Domain Reload Profiling:
	ReloadAssembly (1229ms)
		BeginReloadAssembly (137ms)
			ExecutionOrderSort (0ms)
			DisableScriptedObjects (3ms)
			BackupInstance (0ms)
			ReleaseScriptingObjects (0ms)
			CreateAndSetChildDomain (39ms)
		EndReloadAssembly (988ms)
			LoadAssemblies (121ms)
			RebuildTransferFunctionScriptingTraits (0ms)
			SetupTypeCache (296ms)
			ReleaseScriptCaches (2ms)
			RebuildScriptCaches (45ms)
			SetupLoadedEditorAssemblies (463ms)
				LogAssemblyErrors (0ms)
				InitializePlatformSupportModulesInManaged (12ms)
				SetLoadedEditorAssemblies (0ms)
				RefreshPlugins (1ms)
				BeforeProcessingInitializeOnLoad (115ms)
				ProcessInitializeOnLoadAttributes (210ms)
				ProcessInitializeOnLoadMethodAttributes (101ms)
				AfterProcessingInitializeOnLoad (23ms)
				EditorAssembliesLoaded (0ms)
			ExecutionOrderSort2 (0ms)
			AwakeInstancesAfterBackupRestoration (5ms)
Platform modules already initialized, skipping
Refreshing native plugins compatible for Editor in 5.09 ms, found 5 plugins.
Preloading 0 native plugins for Editor in 0.00 ms.
Unloading 6180 Unused Serialized files (Serialized files now loaded: 0)
Unloading 54 unused Assets / (0.8 MB). Loaded Objects now: 6737.
Memory consumption went from 226.6 MB to 225.8 MB.
Total: 2.855900 ms (FindLiveObjects: 0.328500 ms CreateObjectMapping: 0.186700 ms MarkObjects: 2.112900 ms  DeleteObjects: 0.227000 ms)

AssetImportParameters requested are different than current active one (requested -> active):
  custom:video-decoder-ogg-theora: a1e56fd34408186e4bbccfd4996cb3dc -> 
  custom:container-muxer-webm: aa71ff27fc2769a1b78a27578f13a17b -> 
  custom:container-demuxer-webm: 4f35f7cbe854078d1ac9338744f61a02 -> 
  custom:video-encoder-webm-vp8: eb34c28f22e8b96e1ab97ce403110664 -> 
  custom:audio-encoder-webm-vorbis: bf7c407c2cedff20999df2af8eb42d56 -> 
  custom:framework-win-MediaFoundation: 216162199b28c13a410421893ffa2e32 -> 
  custom:container-demuxer-ogg: 62fdf1f143b41e24485cea50d1cbac27 -> 
  custom:video-decoder-webm-vp8: 9c59270c3fd7afecdb556c50c9e8de78 -> 
  custom:audio-decoder-ogg-vorbis: bf7c407c2cedff20999df2af8eb42d56 -> 
========================================================================
Received Prepare
Registering precompiled user dll's ...
Registered in 0.060297 seconds.
Assembly with name 'QFramework.CoreKit' already exists (Assets/Prefabs/QFramework/Toolkits/_CoreKit/QFramework.CoreKit.asmdef)
Assembly with name 'QFramework.CoreKit' already exists (Assets/QFramework/Toolkits/_CoreKit/QFramework.CoreKit.asmdef)
Assembly with name 'GraphKit.IMGUI.Editor' already exists (Assets/Prefabs/QFramework/ToolKitsPro/GraphKit/IMGUI/Scripts/Editor/GraphKit.IMGUI.Editor.asmdef)
Assembly with name 'GraphKit.IMGUI.Editor' already exists (Assets/QFramework/ToolKitsPro/GraphKit/IMGUI/Scripts/Editor/GraphKit.IMGUI.Editor.asmdef)
Assembly with name 'ResKit' already exists (Assets/Prefabs/QFramework/Toolkits/ResKit/Scripts/ResKit.asmdef)
Assembly with name 'ResKit' already exists (Assets/QFramework/Toolkits/ResKit/Scripts/ResKit.asmdef)
Assembly with name 'Documents.Editor' already exists (Assets/Prefabs/QFramework/Documents/Editor/Documents.Editor.asmdef)
Assembly with name 'Documents.Editor' already exists (Assets/QFramework/Documents/Editor/Documents.Editor.asmdef)
Assembly with name 'DocKit.Editor' already exists (Assets/Prefabs/QFramework/ToolKitsPro/DocKit/Editor/DocKit.Editor.asmdef)
Assembly with name 'DocKit.Editor' already exists (Assets/QFramework/ToolKitsPro/DocKit/Editor/DocKit.Editor.asmdef)
Assembly with name 'UIKit' already exists (Assets/Prefabs/QFramework/Toolkits/UIKit/Scripts/UIKit.asmdef)
Assembly with name 'UIKit' already exists (Assets/QFramework/Toolkits/UIKit/Scripts/UIKit.asmdef)
Assembly with name 'QFramework.CoreKitPro' already exists (Assets/Prefabs/QFramework/ToolKitsPro/_CoreKitPro/QFramework.CoreKitPro.asmdef)
Assembly with name 'QFramework.CoreKitPro' already exists (Assets/QFramework/ToolKitsPro/_CoreKitPro/QFramework.CoreKitPro.asmdef)
Assembly with name 'ResKit.Editor' already exists (Assets/Prefabs/QFramework/Toolkits/ResKit/Editor/ResKit.Editor.asmdef)
Assembly with name 'ResKit.Editor' already exists (Assets/QFramework/Toolkits/ResKit/Editor/ResKit.Editor.asmdef)
Assembly with name 'GraphKit.IMGUI' already exists (Assets/Prefabs/QFramework/ToolKitsPro/GraphKit/IMGUI/Scripts/GraphKit.IMGUI.asmdef)
Assembly with name 'GraphKit.IMGUI' already exists (Assets/QFramework/ToolKitsPro/GraphKit/IMGUI/Scripts/GraphKit.IMGUI.asmdef)
Assembly with name 'com.alelievr.NodeGraphProcessor.Runtime' already exists (Assets/Prefabs/QFramework/ToolKitsPro/GraphKit/NodeGraphProcessorModified/Runtime/com.alelievr.NodeGraphProcessor.Runtime.asmdef)
Assembly with name 'com.alelievr.NodeGraphProcessor.Runtime' already exists (Assets/QFramework/ToolKitsPro/GraphKit/NodeGraphProcessorModified/Runtime/com.alelievr.NodeGraphProcessor.Runtime.asmdef)
Assembly with name 'com.alelievr.NodeGraphProcessor.Editor' already exists (Assets/Prefabs/QFramework/ToolKitsPro/GraphKit/NodeGraphProcessorModified/Editor/com.alelievr.NodeGraphProcessor.Editor.asmdef)
Assembly with name 'com.alelievr.NodeGraphProcessor.Editor' already exists (Assets/QFramework/ToolKitsPro/GraphKit/NodeGraphProcessorModified/Editor/com.alelievr.NodeGraphProcessor.Editor.asmdef)
Assembly with name 'AudioKit' already exists (Assets/Prefabs/QFramework/Toolkits/AudioKit/Scripts/AudioKit.asmdef)
Assembly with name 'AudioKit' already exists (Assets/QFramework/Toolkits/AudioKit/Scripts/AudioKit.asmdef)
Assembly with name 'ParadoxNotion' already exists (Assets/Plugins/ParadoxNotion/ParadoxNotion.asmdef)
Assembly with name 'ParadoxNotion' already exists (Assets/ParadoxNotion/ParadoxNotion.asmdef)
Assembly with name 'UIKit.Editor' already exists (Assets/Prefabs/QFramework/Toolkits/UIKit/Editor/UIKit.Editor.asmdef)
Assembly with name 'UIKit.Editor' already exists (Assets/QFramework/Toolkits/UIKit/Editor/UIKit.Editor.asmdef)
Assembly with name 'QFramework' already exists (Assets/Prefabs/QFramework/Framework/Scripts/QFramework.asmdef)
Assembly with name 'QFramework' already exists (Assets/QFramework/Framework/Scripts/QFramework.asmdef)
Assembly with name 'QFramework.CoreKit' already exists (Assets/Plugins/QFramework/Toolkits/_CoreKit/QFramework.CoreKit.asmdef)
Assembly with name 'QFramework.CoreKit' already exists (Assets/QFramework/Toolkits/_CoreKit/QFramework.CoreKit.asmdef)
Assembly with name 'GraphKit.IMGUI.Editor' already exists (Assets/Plugins/QFramework/ToolKitsPro/GraphKit/IMGUI/Scripts/Editor/GraphKit.IMGUI.Editor.asmdef)
Assembly with name 'GraphKit.IMGUI.Editor' already exists (Assets/QFramework/ToolKitsPro/GraphKit/IMGUI/Scripts/Editor/GraphKit.IMGUI.Editor.asmdef)
Assembly with name 'ResKit' already exists (Assets/Plugins/QFramework/Toolkits/ResKit/Scripts/ResKit.asmdef)
Assembly with name 'ResKit' already exists (Assets/QFramework/Toolkits/ResKit/Scripts/ResKit.asmdef)
Assembly with name 'Documents.Editor' already exists (Assets/Plugins/QFramework/Documents/Editor/Documents.Editor.asmdef)
Assembly with name 'Documents.Editor' already exists (Assets/QFramework/Documents/Editor/Documents.Editor.asmdef)
Assembly with name 'DocKit.Editor' already exists (Assets/Plugins/QFramework/ToolKitsPro/DocKit/Editor/DocKit.Editor.asmdef)
Assembly with name 'DocKit.Editor' already exists (Assets/QFramework/ToolKitsPro/DocKit/Editor/DocKit.Editor.asmdef)
Assembly with name 'UIKit' already exists (Assets/Plugins/QFramework/Toolkits/UIKit/Scripts/UIKit.asmdef)
Assembly with name 'UIKit' already exists (Assets/QFramework/Toolkits/UIKit/Scripts/UIKit.asmdef)
Assembly with name 'QFramework.CoreKitPro' already exists (Assets/Plugins/QFramework/ToolKitsPro/_CoreKitPro/QFramework.CoreKitPro.asmdef)
Assembly with name 'QFramework.CoreKitPro' already exists (Assets/QFramework/ToolKitsPro/_CoreKitPro/QFramework.CoreKitPro.asmdef)
Assembly with name 'ResKit.Editor' already exists (Assets/Plugins/QFramework/Toolkits/ResKit/Editor/ResKit.Editor.asmdef)
Assembly with name 'ResKit.Editor' already exists (Assets/QFramework/Toolkits/ResKit/Editor/ResKit.Editor.asmdef)
Assembly with name 'GraphKit.IMGUI' already exists (Assets/Plugins/QFramework/ToolKitsPro/GraphKit/IMGUI/Scripts/GraphKit.IMGUI.asmdef)
Assembly with name 'GraphKit.IMGUI' already exists (Assets/QFramework/ToolKitsPro/GraphKit/IMGUI/Scripts/GraphKit.IMGUI.asmdef)
Assembly with name 'com.alelievr.NodeGraphProcessor.Runtime' already exists (Assets/Plugins/QFramework/ToolKitsPro/GraphKit/NodeGraphProcessorModified/Runtime/com.alelievr.NodeGraphProcessor.Runtime.asmdef)
Assembly with name 'com.alelievr.NodeGraphProcessor.Runtime' already exists (Assets/QFramework/ToolKitsPro/GraphKit/NodeGraphProcessorModified/Runtime/com.alelievr.NodeGraphProcessor.Runtime.asmdef)
Assembly with name 'com.alelievr.NodeGraphProcessor.Editor' already exists (Assets/Plugins/QFramework/ToolKitsPro/GraphKit/NodeGraphProcessorModified/Editor/com.alelievr.NodeGraphProcessor.Editor.asmdef)
Assembly with name 'com.alelievr.NodeGraphProcessor.Editor' already exists (Assets/QFramework/ToolKitsPro/GraphKit/NodeGraphProcessorModified/Editor/com.alelievr.NodeGraphProcessor.Editor.asmdef)
Assembly with name 'AudioKit' already exists (Assets/Plugins/QFramework/Toolkits/AudioKit/Scripts/AudioKit.asmdef)
Assembly with name 'AudioKit' already exists (Assets/QFramework/Toolkits/AudioKit/Scripts/AudioKit.asmdef)
Assembly with name 'UIKit.Editor' already exists (Assets/Plugins/QFramework/Toolkits/UIKit/Editor/UIKit.Editor.asmdef)
Assembly with name 'UIKit.Editor' already exists (Assets/QFramework/Toolkits/UIKit/Editor/UIKit.Editor.asmdef)
Assembly with name 'QFramework' already exists (Assets/Plugins/QFramework/Framework/Scripts/QFramework.asmdef)
Assembly with name 'QFramework' already exists (Assets/QFramework/Framework/Scripts/QFramework.asmdef)
ArgumentException: An item with the same key has already been added. Key: 00000000000000000000000000000000
  at System.Collections.Generic.Dictionary`2[TKey,TValue].TryInsert (TKey key, TValue value, System.Collections.Generic.InsertionBehavior behavior) [0x0015a] in <6073cf49ed704e958b8a66d540dea948>:0 
  at System.Collections.Generic.Dictionary`2[TKey,TValue].Add (TKey key, TValue value) [0x00000] in <6073cf49ed704e958b8a66d540dea948>:0 
  at System.Linq.Enumerable.ToDictionary[TSource,TKey] (TSource[] source, System.Func`2[T,TResult] keySelector, System.Collections.Generic.IEqualityComparer`1[T] comparer) [0x0001c] in <1e18c5a6594041c9844bfd0b6618ee4a>:0 
  at System.Linq.Enumerable.ToDictionary[TSource,TKey] (System.Collections.Generic.IEnumerable`1[T] source, System.Func`2[T,TResult] keySelector, System.Collections.Generic.IEqualityComparer`1[T] comparer) [0x00043] in <1e18c5a6594041c9844bfd0b6618ee4a>:0 
  at System.Linq.Enumerable.ToDictionary[TSource,TKey] (System.Collections.Generic.IEnumerable`1[T] source, System.Func`2[T,TResult] keySelector) [0x00000] in <1e18c5a6594041c9844bfd0b6618ee4a>:0 
  at UnityEditor.Scripting.ScriptCompilation.LoadingAssemblyDefinition.SetAllCustomScriptAssemblyReferenceJsonsContents (System.String[] paths, System.String[] contents) [0x00172] in <bdbae0e7a2b24e08ad2f04e9eab5eb82>:0 
UnityEngine.DebugLogHandler:Internal_LogException(Exception, Object)
UnityEngine.DebugLogHandler:LogException(Exception, Object)
UnityEngine.Logger:LogException(Exception, Object)
UnityEngine.Debug:LogException(Exception)
UnityEditor.Scripting.ScriptCompilation.EditorCompilationInterface:LogException(Exception)
UnityEditor.Scripting.ScriptCompilation.EditorCompilationInterface:EmitExceptionsAsErrors(Exception[])
UnityEditor.Scripting.ScriptCompilation.EditorCompilationInterface:SetAllCustomScriptAssemblyReferenceJsons(String[], String[])

ArgumentException: An item with the same key has already been added. Key: 00000000000000000000000000000000
  at System.Collections.Generic.Dictionary`2[TKey,TValue].TryInsert (TKey key, TValue value, System.Collections.Generic.InsertionBehavior behavior) [0x0015a] in <6073cf49ed704e958b8a66d540dea948>:0 
  at System.Collections.Generic.Dictionary`2[TKey,TValue].Add (TKey key, TValue value) [0x00000] in <6073cf49ed704e958b8a66d540dea948>:0 
  at System.Linq.Enumerable.ToDictionary[TSource,TKey] (TSource[] source, System.Func`2[T,TResult] keySelector, System.Collections.Generic.IEqualityComparer`1[T] comparer) [0x0001c] in <1e18c5a6594041c9844bfd0b6618ee4a>:0 
  at System.Linq.Enumerable.ToDictionary[TSource,TKey] (System.Collections.Generic.IEnumerable`1[T] source, System.Func`2[T,TResult] keySelector, System.Collections.Generic.IEqualityComparer`1[T] comparer) [0x00043] in <1e18c5a6594041c9844bfd0b6618ee4a>:0 
  at System.Linq.Enumerable.ToDictionary[TSource,TKey] (System.Collections.Generic.IEnumerable`1[T] source, System.Func`2[T,TResult] keySelector) [0x00000] in <1e18c5a6594041c9844bfd0b6618ee4a>:0 
  at UnityEditor.Scripting.ScriptCompilation.LoadingAssemblyDefinition.SetAllCustomScriptAssemblyReferenceJsonsContents (System.String[] paths, System.String[] contents) [0x00172] in <bdbae0e7a2b24e08ad2f04e9eab5eb82>:0 
UnityEngine.DebugLogHandler:Internal_LogException(Exception, Object)
UnityEngine.DebugLogHandler:LogException(Exception, Object)
UnityEngine.Logger:LogException(Exception, Object)
UnityEngine.Debug:LogException(Exception)
UnityEditor.Scripting.ScriptCompilation.EditorCompilationInterface:LogException(Exception)
UnityEditor.Scripting.ScriptCompilation.EditorCompilationInterface:EmitExceptionsAsErrors(Exception[])
UnityEditor.Scripting.ScriptCompilation.EditorCompilationInterface:SetAllCustomScriptAssemblyReferenceJsons(String[], String[])

Assembly with name 'QFramework.CoreKit' already exists (Assets/Prefabs/QFramework/Toolkits/_CoreKit/QFramework.CoreKit.asmdef)
Assembly with name 'QFramework.CoreKit' already exists (Assets/QFramework/Toolkits/_CoreKit/QFramework.CoreKit.asmdef)
Assembly with name 'GraphKit.IMGUI.Editor' already exists (Assets/Prefabs/QFramework/ToolKitsPro/GraphKit/IMGUI/Scripts/Editor/GraphKit.IMGUI.Editor.asmdef)
Assembly with name 'GraphKit.IMGUI.Editor' already exists (Assets/QFramework/ToolKitsPro/GraphKit/IMGUI/Scripts/Editor/GraphKit.IMGUI.Editor.asmdef)
Assembly with name 'ResKit' already exists (Assets/Prefabs/QFramework/Toolkits/ResKit/Scripts/ResKit.asmdef)
Assembly with name 'ResKit' already exists (Assets/QFramework/Toolkits/ResKit/Scripts/ResKit.asmdef)
Assembly with name 'Documents.Editor' already exists (Assets/Prefabs/QFramework/Documents/Editor/Documents.Editor.asmdef)
Assembly with name 'Documents.Editor' already exists (Assets/QFramework/Documents/Editor/Documents.Editor.asmdef)
Assembly with name 'DocKit.Editor' already exists (Assets/Prefabs/QFramework/ToolKitsPro/DocKit/Editor/DocKit.Editor.asmdef)
Assembly with name 'DocKit.Editor' already exists (Assets/QFramework/ToolKitsPro/DocKit/Editor/DocKit.Editor.asmdef)
Assembly with name 'UIKit' already exists (Assets/Prefabs/QFramework/Toolkits/UIKit/Scripts/UIKit.asmdef)
Assembly with name 'UIKit' already exists (Assets/QFramework/Toolkits/UIKit/Scripts/UIKit.asmdef)
Assembly with name 'QFramework.CoreKitPro' already exists (Assets/Prefabs/QFramework/ToolKitsPro/_CoreKitPro/QFramework.CoreKitPro.asmdef)
Assembly with name 'QFramework.CoreKitPro' already exists (Assets/QFramework/ToolKitsPro/_CoreKitPro/QFramework.CoreKitPro.asmdef)
Assembly with name 'ResKit.Editor' already exists (Assets/Prefabs/QFramework/Toolkits/ResKit/Editor/ResKit.Editor.asmdef)
Assembly with name 'ResKit.Editor' already exists (Assets/QFramework/Toolkits/ResKit/Editor/ResKit.Editor.asmdef)
Assembly with name 'GraphKit.IMGUI' already exists (Assets/Prefabs/QFramework/ToolKitsPro/GraphKit/IMGUI/Scripts/GraphKit.IMGUI.asmdef)
Assembly with name 'GraphKit.IMGUI' already exists (Assets/QFramework/ToolKitsPro/GraphKit/IMGUI/Scripts/GraphKit.IMGUI.asmdef)
Assembly with name 'com.alelievr.NodeGraphProcessor.Runtime' already exists (Assets/Prefabs/QFramework/ToolKitsPro/GraphKit/NodeGraphProcessorModified/Runtime/com.alelievr.NodeGraphProcessor.Runtime.asmdef)
Assembly with name 'com.alelievr.NodeGraphProcessor.Runtime' already exists (Assets/QFramework/ToolKitsPro/GraphKit/NodeGraphProcessorModified/Runtime/com.alelievr.NodeGraphProcessor.Runtime.asmdef)
Assembly with name 'com.alelievr.NodeGraphProcessor.Editor' already exists (Assets/Prefabs/QFramework/ToolKitsPro/GraphKit/NodeGraphProcessorModified/Editor/com.alelievr.NodeGraphProcessor.Editor.asmdef)
Assembly with name 'com.alelievr.NodeGraphProcessor.Editor' already exists (Assets/QFramework/ToolKitsPro/GraphKit/NodeGraphProcessorModified/Editor/com.alelievr.NodeGraphProcessor.Editor.asmdef)
Assembly with name 'AudioKit' already exists (Assets/Prefabs/QFramework/Toolkits/AudioKit/Scripts/AudioKit.asmdef)
Assembly with name 'AudioKit' already exists (Assets/QFramework/Toolkits/AudioKit/Scripts/AudioKit.asmdef)
Assembly with name 'ParadoxNotion' already exists (Assets/Plugins/ParadoxNotion/ParadoxNotion.asmdef)
Assembly with name 'ParadoxNotion' already exists (Assets/ParadoxNotion/ParadoxNotion.asmdef)
Assembly with name 'UIKit.Editor' already exists (Assets/Prefabs/QFramework/Toolkits/UIKit/Editor/UIKit.Editor.asmdef)
Assembly with name 'UIKit.Editor' already exists (Assets/QFramework/Toolkits/UIKit/Editor/UIKit.Editor.asmdef)
Assembly with name 'QFramework' already exists (Assets/Prefabs/QFramework/Framework/Scripts/QFramework.asmdef)
Assembly with name 'QFramework' already exists (Assets/QFramework/Framework/Scripts/QFramework.asmdef)
Assembly with name 'QFramework.CoreKit' already exists (Assets/Plugins/QFramework/Toolkits/_CoreKit/QFramework.CoreKit.asmdef)
Assembly with name 'QFramework.CoreKit' already exists (Assets/QFramework/Toolkits/_CoreKit/QFramework.CoreKit.asmdef)
Assembly with name 'GraphKit.IMGUI.Editor' already exists (Assets/Plugins/QFramework/ToolKitsPro/GraphKit/IMGUI/Scripts/Editor/GraphKit.IMGUI.Editor.asmdef)
Assembly with name 'GraphKit.IMGUI.Editor' already exists (Assets/QFramework/ToolKitsPro/GraphKit/IMGUI/Scripts/Editor/GraphKit.IMGUI.Editor.asmdef)
Assembly with name 'ResKit' already exists (Assets/Plugins/QFramework/Toolkits/ResKit/Scripts/ResKit.asmdef)
Assembly with name 'ResKit' already exists (Assets/QFramework/Toolkits/ResKit/Scripts/ResKit.asmdef)
Assembly with name 'Documents.Editor' already exists (Assets/Plugins/QFramework/Documents/Editor/Documents.Editor.asmdef)
Assembly with name 'Documents.Editor' already exists (Assets/QFramework/Documents/Editor/Documents.Editor.asmdef)
Assembly with name 'DocKit.Editor' already exists (Assets/Plugins/QFramework/ToolKitsPro/DocKit/Editor/DocKit.Editor.asmdef)
Assembly with name 'DocKit.Editor' already exists (Assets/QFramework/ToolKitsPro/DocKit/Editor/DocKit.Editor.asmdef)
Assembly with name 'UIKit' already exists (Assets/Plugins/QFramework/Toolkits/UIKit/Scripts/UIKit.asmdef)
Assembly with name 'UIKit' already exists (Assets/QFramework/Toolkits/UIKit/Scripts/UIKit.asmdef)
Assembly with name 'QFramework.CoreKitPro' already exists (Assets/Plugins/QFramework/ToolKitsPro/_CoreKitPro/QFramework.CoreKitPro.asmdef)
Assembly with name 'QFramework.CoreKitPro' already exists (Assets/QFramework/ToolKitsPro/_CoreKitPro/QFramework.CoreKitPro.asmdef)
Assembly with name 'ResKit.Editor' already exists (Assets/Plugins/QFramework/Toolkits/ResKit/Editor/ResKit.Editor.asmdef)
Assembly with name 'ResKit.Editor' already exists (Assets/QFramework/Toolkits/ResKit/Editor/ResKit.Editor.asmdef)
Assembly with name 'GraphKit.IMGUI' already exists (Assets/Plugins/QFramework/ToolKitsPro/GraphKit/IMGUI/Scripts/GraphKit.IMGUI.asmdef)
Assembly with name 'GraphKit.IMGUI' already exists (Assets/QFramework/ToolKitsPro/GraphKit/IMGUI/Scripts/GraphKit.IMGUI.asmdef)
Assembly with name 'com.alelievr.NodeGraphProcessor.Runtime' already exists (Assets/Plugins/QFramework/ToolKitsPro/GraphKit/NodeGraphProcessorModified/Runtime/com.alelievr.NodeGraphProcessor.Runtime.asmdef)
Assembly with name 'com.alelievr.NodeGraphProcessor.Runtime' already exists (Assets/QFramework/ToolKitsPro/GraphKit/NodeGraphProcessorModified/Runtime/com.alelievr.NodeGraphProcessor.Runtime.asmdef)
Assembly with name 'com.alelievr.NodeGraphProcessor.Editor' already exists (Assets/Plugins/QFramework/ToolKitsPro/GraphKit/NodeGraphProcessorModified/Editor/com.alelievr.NodeGraphProcessor.Editor.asmdef)
Assembly with name 'com.alelievr.NodeGraphProcessor.Editor' already exists (Assets/QFramework/ToolKitsPro/GraphKit/NodeGraphProcessorModified/Editor/com.alelievr.NodeGraphProcessor.Editor.asmdef)
Assembly with name 'AudioKit' already exists (Assets/Plugins/QFramework/Toolkits/AudioKit/Scripts/AudioKit.asmdef)
Assembly with name 'AudioKit' already exists (Assets/QFramework/Toolkits/AudioKit/Scripts/AudioKit.asmdef)
Assembly with name 'UIKit.Editor' already exists (Assets/Plugins/QFramework/Toolkits/UIKit/Editor/UIKit.Editor.asmdef)
Assembly with name 'UIKit.Editor' already exists (Assets/QFramework/Toolkits/UIKit/Editor/UIKit.Editor.asmdef)
Assembly with name 'QFramework' already exists (Assets/Plugins/QFramework/Framework/Scripts/QFramework.asmdef)
Assembly with name 'QFramework' already exists (Assets/QFramework/Framework/Scripts/QFramework.asmdef)
ArgumentException: An item with the same key has already been added. Key: 00000000000000000000000000000000
  at System.Collections.Generic.Dictionary`2[TKey,TValue].TryInsert (TKey key, TValue value, System.Collections.Generic.InsertionBehavior behavior) [0x0015a] in <6073cf49ed704e958b8a66d540dea948>:0 
  at System.Collections.Generic.Dictionary`2[TKey,TValue].Add (TKey key, TValue value) [0x00000] in <6073cf49ed704e958b8a66d540dea948>:0 
  at System.Linq.Enumerable.ToDictionary[TSource,TKey] (TSource[] source, System.Func`2[T,TResult] keySelector, System.Collections.Generic.IEqualityComparer`1[T] comparer) [0x0001c] in <1e18c5a6594041c9844bfd0b6618ee4a>:0 
  at System.Linq.Enumerable.ToDictionary[TSource,TKey] (System.Collections.Generic.IEnumerable`1[T] source, System.Func`2[T,TResult] keySelector, System.Collections.Generic.IEqualityComparer`1[T] comparer) [0x00043] in <1e18c5a6594041c9844bfd0b6618ee4a>:0 
  at System.Linq.Enumerable.ToDictionary[TSource,TKey] (System.Collections.Generic.IEnumerable`1[T] source, System.Func`2[T,TResult] keySelector) [0x00000] in <1e18c5a6594041c9844bfd0b6618ee4a>:0 
  at UnityEditor.Scripting.ScriptCompilation.LoadingAssemblyDefinition.SetAllCustomScriptAssemblyReferenceJsonsContents (System.String[] paths, System.String[] contents) [0x00172] in <bdbae0e7a2b24e08ad2f04e9eab5eb82>:0 
UnityEngine.DebugLogHandler:Internal_LogException(Exception, Object)
UnityEngine.DebugLogHandler:LogException(Exception, Object)
UnityEngine.Logger:LogException(Exception, Object)
UnityEngine.Debug:LogException(Exception)
UnityEditor.Scripting.ScriptCompilation.EditorCompilationInterface:LogException(Exception)
UnityEditor.Scripting.ScriptCompilation.EditorCompilationInterface:EmitExceptionsAsErrors(Exception[])
UnityEditor.Scripting.ScriptCompilation.EditorCompilationInterface:SetAllCustomScriptAssemblyReferenceJsons(String[], String[])

ArgumentException: An item with the same key has already been added. Key: 00000000000000000000000000000000
  at System.Collections.Generic.Dictionary`2[TKey,TValue].TryInsert (TKey key, TValue value, System.Collections.Generic.InsertionBehavior behavior) [0x0015a] in <6073cf49ed704e958b8a66d540dea948>:0 
  at System.Collections.Generic.Dictionary`2[TKey,TValue].Add (TKey key, TValue value) [0x00000] in <6073cf49ed704e958b8a66d540dea948>:0 
  at System.Linq.Enumerable.ToDictionary[TSource,TKey] (TSource[] source, System.Func`2[T,TResult] keySelector, System.Collections.Generic.IEqualityComparer`1[T] comparer) [0x0001c] in <1e18c5a6594041c9844bfd0b6618ee4a>:0 
  at System.Linq.Enumerable.ToDictionary[TSource,TKey] (System.Collections.Generic.IEnumerable`1[T] source, System.Func`2[T,TResult] keySelector, System.Collections.Generic.IEqualityComparer`1[T] comparer) [0x00043] in <1e18c5a6594041c9844bfd0b6618ee4a>:0 
  at System.Linq.Enumerable.ToDictionary[TSource,TKey] (System.Collections.Generic.IEnumerable`1[T] source, System.Func`2[T,TResult] keySelector) [0x00000] in <1e18c5a6594041c9844bfd0b6618ee4a>:0 
  at UnityEditor.Scripting.ScriptCompilation.LoadingAssemblyDefinition.SetAllCustomScriptAssemblyReferenceJsonsContents (System.String[] paths, System.String[] contents) [0x00172] in <bdbae0e7a2b24e08ad2f04e9eab5eb82>:0 
UnityEngine.DebugLogHandler:Internal_LogException(Exception, Object)
UnityEngine.DebugLogHandler:LogException(Exception, Object)
UnityEngine.Logger:LogException(Exception, Object)
UnityEngine.Debug:LogException(Exception)
UnityEditor.Scripting.ScriptCompilation.EditorCompilationInterface:LogException(Exception)
UnityEditor.Scripting.ScriptCompilation.EditorCompilationInterface:EmitExceptionsAsErrors(Exception[])
UnityEditor.Scripting.ScriptCompilation.EditorCompilationInterface:SetAllCustomScriptAssemblyReferenceJsons(String[], String[])

Begin MonoManager ReloadAssembly
Symbol file LoadedFromMemory doesn't match image E:\HQFrameWork\Library\PackageCache\com.unity.visualscripting@1.7.6\Editor\VisualScripting.Core\Dependencies\YamlDotNet\Unity.VisualScripting.YamlDotNet.dll
Symbol file LoadedFromMemory is not a mono symbol file
Symbol file LoadedFromMemory doesn't match image E:\HQFrameWork\Library\PackageCache\com.unity.visualscripting@1.7.6\Editor\VisualScripting.Core\Dependencies\DotNetZip\Unity.VisualScripting.IonicZip.dll
Native extension for WindowsStandalone target not found
Refreshing native plugins compatible for Editor in 0.86 ms, found 5 plugins.
Preloading 0 native plugins for Editor in 0.00 ms.
Assembly with name 'QFramework.CoreKit' already exists (Assets/Prefabs/QFramework/Toolkits/_CoreKit/QFramework.CoreKit.asmdef)
Assembly with name 'QFramework.CoreKit' already exists (Assets/QFramework/Toolkits/_CoreKit/QFramework.CoreKit.asmdef)
Assembly with name 'GraphKit.IMGUI.Editor' already exists (Assets/Prefabs/QFramework/ToolKitsPro/GraphKit/IMGUI/Scripts/Editor/GraphKit.IMGUI.Editor.asmdef)
Assembly with name 'GraphKit.IMGUI.Editor' already exists (Assets/QFramework/ToolKitsPro/GraphKit/IMGUI/Scripts/Editor/GraphKit.IMGUI.Editor.asmdef)
Assembly with name 'ResKit' already exists (Assets/Prefabs/QFramework/Toolkits/ResKit/Scripts/ResKit.asmdef)
Assembly with name 'ResKit' already exists (Assets/QFramework/Toolkits/ResKit/Scripts/ResKit.asmdef)
Assembly with name 'Documents.Editor' already exists (Assets/Prefabs/QFramework/Documents/Editor/Documents.Editor.asmdef)
Assembly with name 'Documents.Editor' already exists (Assets/QFramework/Documents/Editor/Documents.Editor.asmdef)
Assembly with name 'DocKit.Editor' already exists (Assets/Prefabs/QFramework/ToolKitsPro/DocKit/Editor/DocKit.Editor.asmdef)
Assembly with name 'DocKit.Editor' already exists (Assets/QFramework/ToolKitsPro/DocKit/Editor/DocKit.Editor.asmdef)
Assembly with name 'UIKit' already exists (Assets/Prefabs/QFramework/Toolkits/UIKit/Scripts/UIKit.asmdef)
Assembly with name 'UIKit' already exists (Assets/QFramework/Toolkits/UIKit/Scripts/UIKit.asmdef)
Assembly with name 'QFramework.CoreKitPro' already exists (Assets/Prefabs/QFramework/ToolKitsPro/_CoreKitPro/QFramework.CoreKitPro.asmdef)
Assembly with name 'QFramework.CoreKitPro' already exists (Assets/QFramework/ToolKitsPro/_CoreKitPro/QFramework.CoreKitPro.asmdef)
Assembly with name 'ResKit.Editor' already exists (Assets/Prefabs/QFramework/Toolkits/ResKit/Editor/ResKit.Editor.asmdef)
Assembly with name 'ResKit.Editor' already exists (Assets/QFramework/Toolkits/ResKit/Editor/ResKit.Editor.asmdef)
Assembly with name 'GraphKit.IMGUI' already exists (Assets/Prefabs/QFramework/ToolKitsPro/GraphKit/IMGUI/Scripts/GraphKit.IMGUI.asmdef)
Assembly with name 'GraphKit.IMGUI' already exists (Assets/QFramework/ToolKitsPro/GraphKit/IMGUI/Scripts/GraphKit.IMGUI.asmdef)
Assembly with name 'com.alelievr.NodeGraphProcessor.Runtime' already exists (Assets/Prefabs/QFramework/ToolKitsPro/GraphKit/NodeGraphProcessorModified/Runtime/com.alelievr.NodeGraphProcessor.Runtime.asmdef)
Assembly with name 'com.alelievr.NodeGraphProcessor.Runtime' already exists (Assets/QFramework/ToolKitsPro/GraphKit/NodeGraphProcessorModified/Runtime/com.alelievr.NodeGraphProcessor.Runtime.asmdef)
Assembly with name 'com.alelievr.NodeGraphProcessor.Editor' already exists (Assets/Prefabs/QFramework/ToolKitsPro/GraphKit/NodeGraphProcessorModified/Editor/com.alelievr.NodeGraphProcessor.Editor.asmdef)
Assembly with name 'com.alelievr.NodeGraphProcessor.Editor' already exists (Assets/QFramework/ToolKitsPro/GraphKit/NodeGraphProcessorModified/Editor/com.alelievr.NodeGraphProcessor.Editor.asmdef)
Assembly with name 'AudioKit' already exists (Assets/Prefabs/QFramework/Toolkits/AudioKit/Scripts/AudioKit.asmdef)
Assembly with name 'AudioKit' already exists (Assets/QFramework/Toolkits/AudioKit/Scripts/AudioKit.asmdef)
Assembly with name 'ParadoxNotion' already exists (Assets/Plugins/ParadoxNotion/ParadoxNotion.asmdef)
Assembly with name 'ParadoxNotion' already exists (Assets/ParadoxNotion/ParadoxNotion.asmdef)
Assembly with name 'UIKit.Editor' already exists (Assets/Prefabs/QFramework/Toolkits/UIKit/Editor/UIKit.Editor.asmdef)
Assembly with name 'UIKit.Editor' already exists (Assets/QFramework/Toolkits/UIKit/Editor/UIKit.Editor.asmdef)
Assembly with name 'QFramework' already exists (Assets/Prefabs/QFramework/Framework/Scripts/QFramework.asmdef)
Assembly with name 'QFramework' already exists (Assets/QFramework/Framework/Scripts/QFramework.asmdef)
Assembly with name 'QFramework.CoreKit' already exists (Assets/Plugins/QFramework/Toolkits/_CoreKit/QFramework.CoreKit.asmdef)
Assembly with name 'QFramework.CoreKit' already exists (Assets/QFramework/Toolkits/_CoreKit/QFramework.CoreKit.asmdef)
Assembly with name 'GraphKit.IMGUI.Editor' already exists (Assets/Plugins/QFramework/ToolKitsPro/GraphKit/IMGUI/Scripts/Editor/GraphKit.IMGUI.Editor.asmdef)
Assembly with name 'GraphKit.IMGUI.Editor' already exists (Assets/QFramework/ToolKitsPro/GraphKit/IMGUI/Scripts/Editor/GraphKit.IMGUI.Editor.asmdef)
Assembly with name 'ResKit' already exists (Assets/Plugins/QFramework/Toolkits/ResKit/Scripts/ResKit.asmdef)
Assembly with name 'ResKit' already exists (Assets/QFramework/Toolkits/ResKit/Scripts/ResKit.asmdef)
Assembly with name 'Documents.Editor' already exists (Assets/Plugins/QFramework/Documents/Editor/Documents.Editor.asmdef)
Assembly with name 'Documents.Editor' already exists (Assets/QFramework/Documents/Editor/Documents.Editor.asmdef)
Assembly with name 'DocKit.Editor' already exists (Assets/Plugins/QFramework/ToolKitsPro/DocKit/Editor/DocKit.Editor.asmdef)
Assembly with name 'DocKit.Editor' already exists (Assets/QFramework/ToolKitsPro/DocKit/Editor/DocKit.Editor.asmdef)
Assembly with name 'UIKit' already exists (Assets/Plugins/QFramework/Toolkits/UIKit/Scripts/UIKit.asmdef)
Assembly with name 'UIKit' already exists (Assets/QFramework/Toolkits/UIKit/Scripts/UIKit.asmdef)
Assembly with name 'QFramework.CoreKitPro' already exists (Assets/Plugins/QFramework/ToolKitsPro/_CoreKitPro/QFramework.CoreKitPro.asmdef)
Assembly with name 'QFramework.CoreKitPro' already exists (Assets/QFramework/ToolKitsPro/_CoreKitPro/QFramework.CoreKitPro.asmdef)
Assembly with name 'ResKit.Editor' already exists (Assets/Plugins/QFramework/Toolkits/ResKit/Editor/ResKit.Editor.asmdef)
Assembly with name 'ResKit.Editor' already exists (Assets/QFramework/Toolkits/ResKit/Editor/ResKit.Editor.asmdef)
Assembly with name 'GraphKit.IMGUI' already exists (Assets/Plugins/QFramework/ToolKitsPro/GraphKit/IMGUI/Scripts/GraphKit.IMGUI.asmdef)
Assembly with name 'GraphKit.IMGUI' already exists (Assets/QFramework/ToolKitsPro/GraphKit/IMGUI/Scripts/GraphKit.IMGUI.asmdef)
Assembly with name 'com.alelievr.NodeGraphProcessor.Runtime' already exists (Assets/Plugins/QFramework/ToolKitsPro/GraphKit/NodeGraphProcessorModified/Runtime/com.alelievr.NodeGraphProcessor.Runtime.asmdef)
Assembly with name 'com.alelievr.NodeGraphProcessor.Runtime' already exists (Assets/QFramework/ToolKitsPro/GraphKit/NodeGraphProcessorModified/Runtime/com.alelievr.NodeGraphProcessor.Runtime.asmdef)
Assembly with name 'com.alelievr.NodeGraphProcessor.Editor' already exists (Assets/Plugins/QFramework/ToolKitsPro/GraphKit/NodeGraphProcessorModified/Editor/com.alelievr.NodeGraphProcessor.Editor.asmdef)
Assembly with name 'com.alelievr.NodeGraphProcessor.Editor' already exists (Assets/QFramework/ToolKitsPro/GraphKit/NodeGraphProcessorModified/Editor/com.alelievr.NodeGraphProcessor.Editor.asmdef)
Assembly with name 'AudioKit' already exists (Assets/Plugins/QFramework/Toolkits/AudioKit/Scripts/AudioKit.asmdef)
Assembly with name 'AudioKit' already exists (Assets/QFramework/Toolkits/AudioKit/Scripts/AudioKit.asmdef)
Assembly with name 'UIKit.Editor' already exists (Assets/Plugins/QFramework/Toolkits/UIKit/Editor/UIKit.Editor.asmdef)
Assembly with name 'UIKit.Editor' already exists (Assets/QFramework/Toolkits/UIKit/Editor/UIKit.Editor.asmdef)
Assembly with name 'QFramework' already exists (Assets/Plugins/QFramework/Framework/Scripts/QFramework.asmdef)
Assembly with name 'QFramework' already exists (Assets/QFramework/Framework/Scripts/QFramework.asmdef)
ArgumentException: An item with the same key has already been added. Key: 00000000000000000000000000000000
  at System.Collections.Generic.Dictionary`2[TKey,TValue].TryInsert (TKey key, TValue value, System.Collections.Generic.InsertionBehavior behavior) [0x0015a] in <6073cf49ed704e958b8a66d540dea948>:0 
  at System.Collections.Generic.Dictionary`2[TKey,TValue].Add (TKey key, TValue value) [0x00000] in <6073cf49ed704e958b8a66d540dea948>:0 
  at System.Linq.Enumerable.ToDictionary[TSource,TKey] (TSource[] source, System.Func`2[T,TResult] keySelector, System.Collections.Generic.IEqualityComparer`1[T] comparer) [0x0001c] in <1e18c5a6594041c9844bfd0b6618ee4a>:0 
  at System.Linq.Enumerable.ToDictionary[TSource,TKey] (System.Collections.Generic.IEnumerable`1[T] source, System.Func`2[T,TResult] keySelector, System.Collections.Generic.IEqualityComparer`1[T] comparer) [0x00043] in <1e18c5a6594041c9844bfd0b6618ee4a>:0 
  at System.Linq.Enumerable.ToDictionary[TSource,TKey] (System.Collections.Generic.IEnumerable`1[T] source, System.Func`2[T,TResult] keySelector) [0x00000] in <1e18c5a6594041c9844bfd0b6618ee4a>:0 
  at UnityEditor.Scripting.ScriptCompilation.LoadingAssemblyDefinition.SetAllCustomScriptAssemblyReferenceJsonsContents (System.String[] paths, System.String[] contents) [0x00172] in <bdbae0e7a2b24e08ad2f04e9eab5eb82>:0 
UnityEngine.DebugLogHandler:Internal_LogException(Exception, Object)
UnityEngine.DebugLogHandler:LogException(Exception, Object)
UnityEngine.Logger:LogException(Exception, Object)
UnityEngine.Debug:LogException(Exception)
UnityEditor.Scripting.ScriptCompilation.EditorCompilationInterface:LogException(Exception)
UnityEditor.Scripting.ScriptCompilation.EditorCompilationInterface:EmitExceptionsAsErrors(Exception[])
UnityEditor.Scripting.ScriptCompilation.EditorCompilationInterface:SetAllCustomScriptAssemblyReferenceJsons(String[], String[])

ArgumentException: An item with the same key has already been added. Key: 00000000000000000000000000000000
  at System.Collections.Generic.Dictionary`2[TKey,TValue].TryInsert (TKey key, TValue value, System.Collections.Generic.InsertionBehavior behavior) [0x0015a] in <6073cf49ed704e958b8a66d540dea948>:0 
  at System.Collections.Generic.Dictionary`2[TKey,TValue].Add (TKey key, TValue value) [0x00000] in <6073cf49ed704e958b8a66d540dea948>:0 
  at System.Linq.Enumerable.ToDictionary[TSource,TKey] (TSource[] source, System.Func`2[T,TResult] keySelector, System.Collections.Generic.IEqualityComparer`1[T] comparer) [0x0001c] in <1e18c5a6594041c9844bfd0b6618ee4a>:0 
  at System.Linq.Enumerable.ToDictionary[TSource,TKey] (System.Collections.Generic.IEnumerable`1[T] source, System.Func`2[T,TResult] keySelector, System.Collections.Generic.IEqualityComparer`1[T] comparer) [0x00043] in <1e18c5a6594041c9844bfd0b6618ee4a>:0 
  at System.Linq.Enumerable.ToDictionary[TSource,TKey] (System.Collections.Generic.IEnumerable`1[T] source, System.Func`2[T,TResult] keySelector) [0x00000] in <1e18c5a6594041c9844bfd0b6618ee4a>:0 
  at UnityEditor.Scripting.ScriptCompilation.LoadingAssemblyDefinition.SetAllCustomScriptAssemblyReferenceJsonsContents (System.String[] paths, System.String[] contents) [0x00172] in <bdbae0e7a2b24e08ad2f04e9eab5eb82>:0 
UnityEngine.DebugLogHandler:Internal_LogException(Exception, Object)
UnityEngine.DebugLogHandler:LogException(Exception, Object)
UnityEngine.Logger:LogException(Exception, Object)
UnityEngine.Debug:LogException(Exception)
UnityEditor.Scripting.ScriptCompilation.EditorCompilationInterface:LogException(Exception)
UnityEditor.Scripting.ScriptCompilation.EditorCompilationInterface:EmitExceptionsAsErrors(Exception[])
UnityEditor.Scripting.ScriptCompilation.EditorCompilationInterface:SetAllCustomScriptAssemblyReferenceJsons(String[], String[])

System.Reflection.TargetInvocationException: Exception has been thrown by the target of an invocation. ---> System.NullReferenceException: Object reference not set to an instance of an object
  at QFramework.Pro.IMGUIGraphAssetModProcessor.OnReloadEditor () [0x0004e] in E:\HQFrameWork\Assets\Plugins\QFramework\ToolKitsPro\GraphKit\IMGUI\Scripts\Editor\IMGUIGraphAssetModProcessor.cs:76 
  at (wrapper managed-to-native) System.Reflection.RuntimeMethodInfo.InternalInvoke(System.Reflection.RuntimeMethodInfo,object,object[],System.Exception&)
  at System.Reflection.RuntimeMethodInfo.Invoke (System.Object obj, System.Reflection.BindingFlags invokeAttr, System.Reflection.Binder binder, System.Object[] parameters, System.Globalization.CultureInfo culture) [0x0006a] in <6073cf49ed704e958b8a66d540dea948>:0 
   --- End of inner exception stack trace ---
  at System.Reflection.RuntimeMethodInfo.Invoke (System.Object obj, System.Reflection.BindingFlags invokeAttr, System.Reflection.Binder binder, System.Object[] parameters, System.Globalization.CultureInfo culture) [0x00083] in <6073cf49ed704e958b8a66d540dea948>:0 
  at System.Reflection.MethodBase.Invoke (System.Object obj, System.Object[] parameters) [0x00000] in <6073cf49ed704e958b8a66d540dea948>:0 
  at UnityEditor.EditorAssemblies.ProcessInitializeOnLoadMethodAttributes () [0x000a5] in <bdbae0e7a2b24e08ad2f04e9eab5eb82>:0 
UnityEngine.StackTraceUtility:ExtractStackTrace ()
UnityEngine.DebugLogHandler:LogFormat (UnityEngine.LogType,UnityEngine.Object,string,object[])
UnityEngine.Logger:Log (UnityEngine.LogType,object)
UnityEngine.Debug:LogError (object)
UnityEditor.EditorAssemblies:ProcessInitializeOnLoadMethodAttributes ()

Mono: successfully reloaded assembly
- Completed reload, in  2.184 seconds
Domain Reload Profiling:
	ReloadAssembly (2185ms)
		BeginReloadAssembly (136ms)
			ExecutionOrderSort (0ms)
			DisableScriptedObjects (3ms)
			BackupInstance (0ms)
			ReleaseScriptingObjects (0ms)
			CreateAndSetChildDomain (34ms)
		EndReloadAssembly (1934ms)
			LoadAssemblies (1139ms)
			RebuildTransferFunctionScriptingTraits (0ms)
			SetupTypeCache (265ms)
			ReleaseScriptCaches (2ms)
			RebuildScriptCaches (40ms)
			SetupLoadedEditorAssemblies (437ms)
				LogAssemblyErrors (0ms)
				InitializePlatformSupportModulesInManaged (11ms)
				SetLoadedEditorAssemblies (0ms)
				RefreshPlugins (1ms)
				BeforeProcessingInitializeOnLoad (117ms)
				ProcessInitializeOnLoadAttributes (198ms)
				ProcessInitializeOnLoadMethodAttributes (89ms)
				AfterProcessingInitializeOnLoad (21ms)
				EditorAssembliesLoaded (0ms)
			ExecutionOrderSort2 (0ms)
			AwakeInstancesAfterBackupRestoration (5ms)
Platform modules already initialized, skipping
Refreshing native plugins compatible for Editor in 7.76 ms, found 5 plugins.
Preloading 0 native plugins for Editor in 0.00 ms.
Unloading 6180 Unused Serialized files (Serialized files now loaded: 0)
Unloading 54 unused Assets / (0.8 MB). Loaded Objects now: 6752.
Memory consumption went from 226.7 MB to 225.9 MB.
Total: 3.089100 ms (FindLiveObjects: 0.345200 ms CreateObjectMapping: 0.215400 ms MarkObjects: 2.258100 ms  DeleteObjects: 0.268900 ms)

AssetImportParameters requested are different than current active one (requested -> active):
  custom:video-decoder-ogg-theora: a1e56fd34408186e4bbccfd4996cb3dc -> 
  custom:container-muxer-webm: aa71ff27fc2769a1b78a27578f13a17b -> 
  custom:container-demuxer-webm: 4f35f7cbe854078d1ac9338744f61a02 -> 
  custom:video-encoder-webm-vp8: eb34c28f22e8b96e1ab97ce403110664 -> 
  custom:audio-encoder-webm-vorbis: bf7c407c2cedff20999df2af8eb42d56 -> 
  custom:framework-win-MediaFoundation: 216162199b28c13a410421893ffa2e32 -> 
  custom:container-demuxer-ogg: 62fdf1f143b41e24485cea50d1cbac27 -> 
  custom:video-decoder-webm-vp8: 9c59270c3fd7afecdb556c50c9e8de78 -> 
  custom:audio-decoder-ogg-vorbis: bf7c407c2cedff20999df2af8eb42d56 -> 
AssetImportWorkerClient::OnTransportError - code=10054 error=
