Using pre-set license
Built from '2021.3/china_unity/release' branch; Version is '2021.3.0f1c1 (c833db084d5b) revision 13120475'; Using compiler version '192829333'; Build Type 'Release'
OS: 'Windows 10  (10.0.19044) 64bit Professional' Language: 'zh' Physical Memory: 65257 MB
BatchMode: 1, IsHumanControllingUs: 0, StartBugReporterOnCrash: 0, Is64bit: 1, IsPro: 1

COMMAND LINE ARGUMENTS:
C:\Program Files\Unity\Hub\Editor\2021.3.0f1c1\Editor\Unity.exe
-adb2
-batchMode
-noUpm
-name
AssetImportWorker1
-projectPath
E:/HQFrameWork
-logFile
Logs/AssetImportWorker1.log
-srvPort
9301
Successfully changed project path to: E:/HQFrameWork
E:/HQFrameWork
[UnityMemory] Configuration Parameters - Can be set up in boot.config
    "memorysetup-bucket-allocator-granularity=16"
    "memorysetup-bucket-allocator-bucket-count=8"
    "memorysetup-bucket-allocator-block-size=33554432"
    "memorysetup-bucket-allocator-block-count=8"
    "memorysetup-main-allocator-block-size=16777216"
    "memorysetup-thread-allocator-block-size=16777216"
    "memorysetup-gfx-main-allocator-block-size=16777216"
    "memorysetup-gfx-thread-allocator-block-size=16777216"
    "memorysetup-cache-allocator-block-size=4194304"
    "memorysetup-typetree-allocator-block-size=2097152"
    "memorysetup-profiler-bucket-allocator-granularity=16"
    "memorysetup-profiler-bucket-allocator-bucket-count=8"
    "memorysetup-profiler-bucket-allocator-block-size=33554432"
    "memorysetup-profiler-bucket-allocator-block-count=8"
    "memorysetup-profiler-allocator-block-size=16777216"
    "memorysetup-profiler-editor-allocator-block-size=1048576"
    "memorysetup-temp-allocator-size-main=16777216"
    "memorysetup-job-temp-allocator-block-size=2097152"
    "memorysetup-job-temp-allocator-block-size-background=1048576"
    "memorysetup-job-temp-allocator-reduction-small-platforms=262144"
    "memorysetup-temp-allocator-size-background-worker=32768"
    "memorysetup-temp-allocator-size-job-worker=262144"
    "memorysetup-temp-allocator-size-preload-manager=33554432"
    "memorysetup-temp-allocator-size-nav-mesh-worker=65536"
    "memorysetup-temp-allocator-size-audio-worker=65536"
    "memorysetup-temp-allocator-size-cloud-worker=32768"
    "memorysetup-temp-allocator-size-gi-baking-worker=262144"
    "memorysetup-temp-allocator-size-gfx=262144"
AS: AutoStreaming module initializing.
Refreshing native plugins compatible for Editor in 161.23 ms, found 5 plugins.
Preloading 0 native plugins for Editor in 0.00 ms.
Initialize engine version: 2021.3.0f1c1 (c833db084d5b)
[Subsystems] Discovering subsystems at path C:/Program Files/Unity/Hub/Editor/2021.3.0f1c1/Editor/Data/Resources/UnitySubsystems
[Subsystems] Discovering subsystems at path E:/HQFrameWork/Assets
GfxDevice: creating device client; threaded=0; jobified=0
Direct3D:
    Version:  Direct3D 11.0 [level 11.1]
    Renderer: NVIDIA GeForce RTX 3060 (ID=0x2504)
    Vendor:   NVIDIA
    VRAM:     12142 MB
    Driver:   30.0.15.1123
Initialize mono
Mono path[0] = 'C:/Program Files/Unity/Hub/Editor/2021.3.0f1c1/Editor/Data/Managed'
Mono path[1] = 'C:/Program Files/Unity/Hub/Editor/2021.3.0f1c1/Editor/Data/MonoBleedingEdge/lib/mono/unityjit-win32'
Mono config path = 'C:/Program Files/Unity/Hub/Editor/2021.3.0f1c1/Editor/Data/MonoBleedingEdge/etc'
Using monoOptions --debugger-agent=transport=dt_socket,embedding=1,server=y,suspend=n,address=127.0.0.1:56004
Begin MonoManager ReloadAssembly
Registering precompiled unity dll's ...
Register platform support module: C:/Program Files/Unity/Hub/Editor/2021.3.0f1c1/Editor/Data/PlaybackEngines/WindowsStandaloneSupport/UnityEditor.WindowsStandalone.Extensions.dll
Registered in 0.012087 seconds.
Native extension for WindowsStandalone target not found
Refreshing native plugins compatible for Editor in 118.38 ms, found 5 plugins.
Preloading 0 native plugins for Editor in 0.00 ms.
Mono: successfully reloaded assembly
- Completed reload, in  0.711 seconds
Domain Reload Profiling:
	ReloadAssembly (712ms)
		BeginReloadAssembly (106ms)
			ExecutionOrderSort (0ms)
			DisableScriptedObjects (0ms)
			BackupInstance (0ms)
			ReleaseScriptingObjects (0ms)
			CreateAndSetChildDomain (1ms)
		EndReloadAssembly (456ms)
			LoadAssemblies (94ms)
			RebuildTransferFunctionScriptingTraits (0ms)
			SetupTypeCache (83ms)
			ReleaseScriptCaches (0ms)
			RebuildScriptCaches (28ms)
			SetupLoadedEditorAssemblies (271ms)
				LogAssemblyErrors (0ms)
				InitializePlatformSupportModulesInManaged (9ms)
				SetLoadedEditorAssemblies (0ms)
				RefreshPlugins (119ms)
				BeforeProcessingInitializeOnLoad (1ms)
				ProcessInitializeOnLoadAttributes (103ms)
				ProcessInitializeOnLoadMethodAttributes (39ms)
				AfterProcessingInitializeOnLoad (0ms)
				EditorAssembliesLoaded (0ms)
			ExecutionOrderSort2 (0ms)
			AwakeInstancesAfterBackupRestoration (0ms)
Platform modules already initialized, skipping
Registering precompiled user dll's ...
Registered in 0.069228 seconds.
Begin MonoManager ReloadAssembly
Symbol file LoadedFromMemory doesn't match image E:\HQFrameWork\Library\PackageCache\com.unity.visualscripting@1.7.6\Editor\VisualScripting.Core\Dependencies\DotNetZip\Unity.VisualScripting.IonicZip.dll
Symbol file LoadedFromMemory doesn't match image E:\HQFrameWork\Library\PackageCache\com.unity.visualscripting@1.7.6\Editor\VisualScripting.Core\Dependencies\YamlDotNet\Unity.VisualScripting.YamlDotNet.dll
Symbol file LoadedFromMemory is not a mono symbol file
Native extension for WindowsStandalone target not found
Refreshing native plugins compatible for Editor in 181.11 ms, found 5 plugins.
Preloading 0 native plugins for Editor in 0.00 ms.
Mono: successfully reloaded assembly
- Completed reload, in  2.935 seconds
Domain Reload Profiling:
	ReloadAssembly (2936ms)
		BeginReloadAssembly (151ms)
			ExecutionOrderSort (0ms)
			DisableScriptedObjects (6ms)
			BackupInstance (0ms)
			ReleaseScriptingObjects (0ms)
			CreateAndSetChildDomain (19ms)
		EndReloadAssembly (2530ms)
			LoadAssemblies (259ms)
			RebuildTransferFunctionScriptingTraits (0ms)
			SetupTypeCache (773ms)
			ReleaseScriptCaches (2ms)
			RebuildScriptCaches (128ms)
			SetupLoadedEditorAssemblies (1181ms)
				LogAssemblyErrors (0ms)
				InitializePlatformSupportModulesInManaged (6ms)
				SetLoadedEditorAssemblies (0ms)
				RefreshPlugins (181ms)
				BeforeProcessingInitializeOnLoad (202ms)
				ProcessInitializeOnLoadAttributes (527ms)
				ProcessInitializeOnLoadMethodAttributes (225ms)
				AfterProcessingInitializeOnLoad (40ms)
				EditorAssembliesLoaded (1ms)
			ExecutionOrderSort2 (0ms)
			AwakeInstancesAfterBackupRestoration (11ms)
Platform modules already initialized, skipping
========================================================================
Worker process is ready to serve import requests
Launched and connected shader compiler UnityShaderCompiler.exe after 0.14 seconds
Refreshing native plugins compatible for Editor in 1.86 ms, found 5 plugins.
Preloading 0 native plugins for Editor in 0.00 ms.
Unloading 6275 Unused Serialized files (Serialized files now loaded: 0)
Unloading 82 unused Assets / (1.0 MB). Loaded Objects now: 6721.
Memory consumption went from 234.8 MB to 233.8 MB.
Total: 3.971500 ms (FindLiveObjects: 0.464300 ms CreateObjectMapping: 0.314200 ms MarkObjects: 2.877400 ms  DeleteObjects: 0.314000 ms)

AssetImportParameters requested are different than current active one (requested -> active):
  custom:video-decoder-ogg-theora: a1e56fd34408186e4bbccfd4996cb3dc -> 
  custom:container-muxer-webm: aa71ff27fc2769a1b78a27578f13a17b -> 
  custom:container-demuxer-webm: 4f35f7cbe854078d1ac9338744f61a02 -> 
  custom:video-encoder-webm-vp8: eb34c28f22e8b96e1ab97ce403110664 -> 
  custom:audio-encoder-webm-vorbis: bf7c407c2cedff20999df2af8eb42d56 -> 
  custom:framework-win-MediaFoundation: 216162199b28c13a410421893ffa2e32 -> 
  custom:container-demuxer-ogg: 62fdf1f143b41e24485cea50d1cbac27 -> 
  custom:video-decoder-webm-vp8: 9c59270c3fd7afecdb556c50c9e8de78 -> 
  custom:audio-decoder-ogg-vorbis: bf7c407c2cedff20999df2af8eb42d56 -> 
========================================================================
Received Prepare
Registering precompiled user dll's ...
Registered in 0.153331 seconds.
Begin MonoManager ReloadAssembly
Symbol file LoadedFromMemory doesn't match image E:\HQFrameWork\Library\PackageCache\com.unity.visualscripting@1.7.6\Editor\VisualScripting.Core\Dependencies\DotNetZip\Unity.VisualScripting.IonicZip.dll
Symbol file LoadedFromMemory doesn't match image E:\HQFrameWork\Library\PackageCache\com.unity.visualscripting@1.7.6\Editor\VisualScripting.Core\Dependencies\YamlDotNet\Unity.VisualScripting.YamlDotNet.dll
Symbol file LoadedFromMemory is not a mono symbol file
Native extension for WindowsStandalone target not found
Refreshing native plugins compatible for Editor in 1.58 ms, found 5 plugins.
Preloading 0 native plugins for Editor in 0.00 ms.
System.Reflection.TargetInvocationException: Exception has been thrown by the target of an invocation. ---> System.NullReferenceException: Object reference not set to an instance of an object
  at QFramework.Pro.IMGUIGraphAssetModProcessor.OnReloadEditor () [0x0004e] in E:\HQFrameWork\Assets\Plugins\QFramework\ToolKitsPro\GraphKit\IMGUI\Scripts\Editor\IMGUIGraphAssetModProcessor.cs:76 
  at (wrapper managed-to-native) System.Reflection.RuntimeMethodInfo.InternalInvoke(System.Reflection.RuntimeMethodInfo,object,object[],System.Exception&)
  at System.Reflection.RuntimeMethodInfo.Invoke (System.Object obj, System.Reflection.BindingFlags invokeAttr, System.Reflection.Binder binder, System.Object[] parameters, System.Globalization.CultureInfo culture) [0x0006a] in <6073cf49ed704e958b8a66d540dea948>:0 
   --- End of inner exception stack trace ---
  at System.Reflection.RuntimeMethodInfo.Invoke (System.Object obj, System.Reflection.BindingFlags invokeAttr, System.Reflection.Binder binder, System.Object[] parameters, System.Globalization.CultureInfo culture) [0x00083] in <6073cf49ed704e958b8a66d540dea948>:0 
  at System.Reflection.MethodBase.Invoke (System.Object obj, System.Object[] parameters) [0x00000] in <6073cf49ed704e958b8a66d540dea948>:0 
  at UnityEditor.EditorAssemblies.ProcessInitializeOnLoadMethodAttributes () [0x000a5] in <bdbae0e7a2b24e08ad2f04e9eab5eb82>:0 
UnityEngine.StackTraceUtility:ExtractStackTrace ()
UnityEngine.DebugLogHandler:LogFormat (UnityEngine.LogType,UnityEngine.Object,string,object[])
UnityEngine.Logger:Log (UnityEngine.LogType,object)
UnityEngine.Debug:LogError (object)
UnityEditor.EditorAssemblies:ProcessInitializeOnLoadMethodAttributes ()

Mono: successfully reloaded assembly
- Completed reload, in  1.703 seconds
Domain Reload Profiling:
	ReloadAssembly (1704ms)
		BeginReloadAssembly (169ms)
			ExecutionOrderSort (0ms)
			DisableScriptedObjects (3ms)
			BackupInstance (0ms)
			ReleaseScriptingObjects (0ms)
			CreateAndSetChildDomain (48ms)
		EndReloadAssembly (1388ms)
			LoadAssemblies (156ms)
			RebuildTransferFunctionScriptingTraits (0ms)
			SetupTypeCache (410ms)
			ReleaseScriptCaches (2ms)
			RebuildScriptCaches (62ms)
			SetupLoadedEditorAssemblies (664ms)
				LogAssemblyErrors (0ms)
				InitializePlatformSupportModulesInManaged (16ms)
				SetLoadedEditorAssemblies (1ms)
				RefreshPlugins (2ms)
				BeforeProcessingInitializeOnLoad (119ms)
				ProcessInitializeOnLoadAttributes (301ms)
				ProcessInitializeOnLoadMethodAttributes (199ms)
				AfterProcessingInitializeOnLoad (27ms)
				EditorAssembliesLoaded (0ms)
			ExecutionOrderSort2 (0ms)
			AwakeInstancesAfterBackupRestoration (7ms)
Platform modules already initialized, skipping
Refreshing native plugins compatible for Editor in 8.70 ms, found 5 plugins.
Preloading 0 native plugins for Editor in 0.00 ms.
Unloading 6181 Unused Serialized files (Serialized files now loaded: 0)
Unloading 71 unused Assets / (0.7 MB). Loaded Objects now: 6718.
Memory consumption went from 227.4 MB to 226.7 MB.
Total: 4.434500 ms (FindLiveObjects: 0.662000 ms CreateObjectMapping: 0.461100 ms MarkObjects: 2.935400 ms  DeleteObjects: 0.374800 ms)

AssetImportParameters requested are different than current active one (requested -> active):
  custom:video-decoder-ogg-theora: a1e56fd34408186e4bbccfd4996cb3dc -> 
  custom:container-muxer-webm: aa71ff27fc2769a1b78a27578f13a17b -> 
  custom:container-demuxer-webm: 4f35f7cbe854078d1ac9338744f61a02 -> 
  custom:video-encoder-webm-vp8: eb34c28f22e8b96e1ab97ce403110664 -> 
  custom:audio-encoder-webm-vorbis: bf7c407c2cedff20999df2af8eb42d56 -> 
  custom:framework-win-MediaFoundation: 216162199b28c13a410421893ffa2e32 -> 
  custom:container-demuxer-ogg: 62fdf1f143b41e24485cea50d1cbac27 -> 
  custom:video-decoder-webm-vp8: 9c59270c3fd7afecdb556c50c9e8de78 -> 
  custom:audio-decoder-ogg-vorbis: bf7c407c2cedff20999df2af8eb42d56 -> 
========================================================================
Received Import Request.
  Time since last request: 190656.422114 seconds.
  path: Assets/Editor/ToolBarSceneChangeBtn.cs
  artifactKey: Guid(42935e8ec7253d248823332963554c15) Importer(815301076,1909f56bfc062723c751e8b465ee728b)
Start importing Assets/Editor/ToolBarSceneChangeBtn.cs using Guid(42935e8ec7253d248823332963554c15) Importer(815301076,1909f56bfc062723c751e8b465ee728b)  -> (artifact id: '947716e73988af529ba4b156e7f42d00') in 0.034637 seconds 
========================================================================
Received Prepare
Registering precompiled user dll's ...
Registered in 0.082555 seconds.
Begin MonoManager ReloadAssembly
Symbol file LoadedFromMemory doesn't match image E:\HQFrameWork\Library\PackageCache\com.unity.visualscripting@1.7.6\Editor\VisualScripting.Core\Dependencies\DotNetZip\Unity.VisualScripting.IonicZip.dll
Symbol file LoadedFromMemory doesn't match image E:\HQFrameWork\Library\PackageCache\com.unity.visualscripting@1.7.6\Editor\VisualScripting.Core\Dependencies\YamlDotNet\Unity.VisualScripting.YamlDotNet.dll
Symbol file LoadedFromMemory is not a mono symbol file
Native extension for WindowsStandalone target not found
Refreshing native plugins compatible for Editor in 0.98 ms, found 5 plugins.
Preloading 0 native plugins for Editor in 0.00 ms.
System.Reflection.TargetInvocationException: Exception has been thrown by the target of an invocation. ---> System.NullReferenceException: Object reference not set to an instance of an object
  at QFramework.Pro.IMGUIGraphAssetModProcessor.OnReloadEditor () [0x0004e] in E:\HQFrameWork\Assets\Plugins\QFramework\ToolKitsPro\GraphKit\IMGUI\Scripts\Editor\IMGUIGraphAssetModProcessor.cs:76 
  at (wrapper managed-to-native) System.Reflection.RuntimeMethodInfo.InternalInvoke(System.Reflection.RuntimeMethodInfo,object,object[],System.Exception&)
  at System.Reflection.RuntimeMethodInfo.Invoke (System.Object obj, System.Reflection.BindingFlags invokeAttr, System.Reflection.Binder binder, System.Object[] parameters, System.Globalization.CultureInfo culture) [0x0006a] in <6073cf49ed704e958b8a66d540dea948>:0 
   --- End of inner exception stack trace ---
  at System.Reflection.RuntimeMethodInfo.Invoke (System.Object obj, System.Reflection.BindingFlags invokeAttr, System.Reflection.Binder binder, System.Object[] parameters, System.Globalization.CultureInfo culture) [0x00083] in <6073cf49ed704e958b8a66d540dea948>:0 
  at System.Reflection.MethodBase.Invoke (System.Object obj, System.Object[] parameters) [0x00000] in <6073cf49ed704e958b8a66d540dea948>:0 
  at UnityEditor.EditorAssemblies.ProcessInitializeOnLoadMethodAttributes () [0x000a5] in <bdbae0e7a2b24e08ad2f04e9eab5eb82>:0 
UnityEngine.StackTraceUtility:ExtractStackTrace ()
UnityEngine.DebugLogHandler:LogFormat (UnityEngine.LogType,UnityEngine.Object,string,object[])
UnityEngine.Logger:Log (UnityEngine.LogType,object)
UnityEngine.Debug:LogError (object)
UnityEditor.EditorAssemblies:ProcessInitializeOnLoadMethodAttributes ()

Mono: successfully reloaded assembly
- Completed reload, in  1.638 seconds
Domain Reload Profiling:
	ReloadAssembly (1639ms)
		BeginReloadAssembly (192ms)
			ExecutionOrderSort (0ms)
			DisableScriptedObjects (4ms)
			BackupInstance (0ms)
			ReleaseScriptingObjects (0ms)
			CreateAndSetChildDomain (58ms)
		EndReloadAssembly (1295ms)
			LoadAssemblies (163ms)
			RebuildTransferFunctionScriptingTraits (0ms)
			SetupTypeCache (349ms)
			ReleaseScriptCaches (2ms)
			RebuildScriptCaches (52ms)
			SetupLoadedEditorAssemblies (650ms)
				LogAssemblyErrors (0ms)
				InitializePlatformSupportModulesInManaged (14ms)
				SetLoadedEditorAssemblies (0ms)
				RefreshPlugins (1ms)
				BeforeProcessingInitializeOnLoad (110ms)
				ProcessInitializeOnLoadAttributes (305ms)
				ProcessInitializeOnLoadMethodAttributes (188ms)
				AfterProcessingInitializeOnLoad (30ms)
				EditorAssembliesLoaded (0ms)
			ExecutionOrderSort2 (0ms)
			AwakeInstancesAfterBackupRestoration (10ms)
Platform modules already initialized, skipping
Refreshing native plugins compatible for Editor in 5.83 ms, found 5 plugins.
Preloading 0 native plugins for Editor in 0.00 ms.
Unloading 6182 Unused Serialized files (Serialized files now loaded: 0)
Unloading 53 unused Assets / (0.8 MB). Loaded Objects now: 6733.
Memory consumption went from 227.4 MB to 226.6 MB.
Total: 2.972800 ms (FindLiveObjects: 0.351200 ms CreateObjectMapping: 0.222000 ms MarkObjects: 2.157400 ms  DeleteObjects: 0.241500 ms)

AssetImportParameters requested are different than current active one (requested -> active):
  custom:video-decoder-ogg-theora: a1e56fd34408186e4bbccfd4996cb3dc -> 
  custom:container-muxer-webm: aa71ff27fc2769a1b78a27578f13a17b -> 
  custom:container-demuxer-webm: 4f35f7cbe854078d1ac9338744f61a02 -> 
  custom:video-encoder-webm-vp8: eb34c28f22e8b96e1ab97ce403110664 -> 
  custom:audio-encoder-webm-vorbis: bf7c407c2cedff20999df2af8eb42d56 -> 
  custom:framework-win-MediaFoundation: 216162199b28c13a410421893ffa2e32 -> 
  custom:container-demuxer-ogg: 62fdf1f143b41e24485cea50d1cbac27 -> 
  custom:video-decoder-webm-vp8: 9c59270c3fd7afecdb556c50c9e8de78 -> 
  custom:audio-decoder-ogg-vorbis: bf7c407c2cedff20999df2af8eb42d56 -> 
========================================================================
Received Prepare
Registering precompiled user dll's ...
Registered in 0.057839 seconds.
Begin MonoManager ReloadAssembly
Symbol file LoadedFromMemory doesn't match image E:\HQFrameWork\Library\PackageCache\com.unity.visualscripting@1.7.6\Editor\VisualScripting.Core\Dependencies\DotNetZip\Unity.VisualScripting.IonicZip.dll
Symbol file LoadedFromMemory doesn't match image E:\HQFrameWork\Library\PackageCache\com.unity.visualscripting@1.7.6\Editor\VisualScripting.Core\Dependencies\YamlDotNet\Unity.VisualScripting.YamlDotNet.dll
Symbol file LoadedFromMemory is not a mono symbol file
Native extension for WindowsStandalone target not found
Refreshing native plugins compatible for Editor in 1.57 ms, found 5 plugins.
Preloading 0 native plugins for Editor in 0.00 ms.
System.Reflection.TargetInvocationException: Exception has been thrown by the target of an invocation. ---> System.NullReferenceException: Object reference not set to an instance of an object
  at QFramework.Pro.IMGUIGraphAssetModProcessor.OnReloadEditor () [0x0004e] in E:\HQFrameWork\Assets\Plugins\QFramework\ToolKitsPro\GraphKit\IMGUI\Scripts\Editor\IMGUIGraphAssetModProcessor.cs:76 
  at (wrapper managed-to-native) System.Reflection.RuntimeMethodInfo.InternalInvoke(System.Reflection.RuntimeMethodInfo,object,object[],System.Exception&)
  at System.Reflection.RuntimeMethodInfo.Invoke (System.Object obj, System.Reflection.BindingFlags invokeAttr, System.Reflection.Binder binder, System.Object[] parameters, System.Globalization.CultureInfo culture) [0x0006a] in <6073cf49ed704e958b8a66d540dea948>:0 
   --- End of inner exception stack trace ---
  at System.Reflection.RuntimeMethodInfo.Invoke (System.Object obj, System.Reflection.BindingFlags invokeAttr, System.Reflection.Binder binder, System.Object[] parameters, System.Globalization.CultureInfo culture) [0x00083] in <6073cf49ed704e958b8a66d540dea948>:0 
  at System.Reflection.MethodBase.Invoke (System.Object obj, System.Object[] parameters) [0x00000] in <6073cf49ed704e958b8a66d540dea948>:0 
  at UnityEditor.EditorAssemblies.ProcessInitializeOnLoadMethodAttributes () [0x000a5] in <bdbae0e7a2b24e08ad2f04e9eab5eb82>:0 
UnityEngine.StackTraceUtility:ExtractStackTrace ()
UnityEngine.DebugLogHandler:LogFormat (UnityEngine.LogType,UnityEngine.Object,string,object[])
UnityEngine.Logger:Log (UnityEngine.LogType,object)
UnityEngine.Debug:LogError (object)
UnityEditor.EditorAssemblies:ProcessInitializeOnLoadMethodAttributes ()

Mono: successfully reloaded assembly
- Completed reload, in  1.883 seconds
Domain Reload Profiling:
	ReloadAssembly (1884ms)
		BeginReloadAssembly (172ms)
			ExecutionOrderSort (0ms)
			DisableScriptedObjects (4ms)
			BackupInstance (0ms)
			ReleaseScriptingObjects (0ms)
			CreateAndSetChildDomain (42ms)
		EndReloadAssembly (1572ms)
			LoadAssemblies (159ms)
			RebuildTransferFunctionScriptingTraits (0ms)
			SetupTypeCache (387ms)
			ReleaseScriptCaches (2ms)
			RebuildScriptCaches (49ms)
			SetupLoadedEditorAssemblies (907ms)
				LogAssemblyErrors (0ms)
				InitializePlatformSupportModulesInManaged (19ms)
				SetLoadedEditorAssemblies (1ms)
				RefreshPlugins (2ms)
				BeforeProcessingInitializeOnLoad (141ms)
				ProcessInitializeOnLoadAttributes (466ms)
				ProcessInitializeOnLoadMethodAttributes (239ms)
				AfterProcessingInitializeOnLoad (39ms)
				EditorAssembliesLoaded (0ms)
			ExecutionOrderSort2 (0ms)
			AwakeInstancesAfterBackupRestoration (7ms)
Platform modules already initialized, skipping
Refreshing native plugins compatible for Editor in 6.78 ms, found 5 plugins.
Preloading 0 native plugins for Editor in 0.00 ms.
Unloading 6182 Unused Serialized files (Serialized files now loaded: 0)
Unloading 53 unused Assets / (0.7 MB). Loaded Objects now: 6748.
Memory consumption went from 227.4 MB to 226.6 MB.
Total: 3.687900 ms (FindLiveObjects: 0.375200 ms CreateObjectMapping: 0.298600 ms MarkObjects: 2.729000 ms  DeleteObjects: 0.283800 ms)

AssetImportParameters requested are different than current active one (requested -> active):
  custom:video-decoder-ogg-theora: a1e56fd34408186e4bbccfd4996cb3dc -> 
  custom:container-muxer-webm: aa71ff27fc2769a1b78a27578f13a17b -> 
  custom:container-demuxer-webm: 4f35f7cbe854078d1ac9338744f61a02 -> 
  custom:video-encoder-webm-vp8: eb34c28f22e8b96e1ab97ce403110664 -> 
  custom:audio-encoder-webm-vorbis: bf7c407c2cedff20999df2af8eb42d56 -> 
  custom:framework-win-MediaFoundation: 216162199b28c13a410421893ffa2e32 -> 
  custom:container-demuxer-ogg: 62fdf1f143b41e24485cea50d1cbac27 -> 
  custom:video-decoder-webm-vp8: 9c59270c3fd7afecdb556c50c9e8de78 -> 
  custom:audio-decoder-ogg-vorbis: bf7c407c2cedff20999df2af8eb42d56 -> 
========================================================================
Received Prepare
Registering precompiled user dll's ...
Registered in 0.132764 seconds.
Begin MonoManager ReloadAssembly
Symbol file LoadedFromMemory doesn't match image E:\HQFrameWork\Library\PackageCache\com.unity.visualscripting@1.7.6\Editor\VisualScripting.Core\Dependencies\DotNetZip\Unity.VisualScripting.IonicZip.dll
Symbol file LoadedFromMemory doesn't match image E:\HQFrameWork\Library\PackageCache\com.unity.visualscripting@1.7.6\Editor\VisualScripting.Core\Dependencies\YamlDotNet\Unity.VisualScripting.YamlDotNet.dll
Symbol file LoadedFromMemory is not a mono symbol file
Native extension for WindowsStandalone target not found
Refreshing native plugins compatible for Editor in 1.07 ms, found 5 plugins.
Preloading 0 native plugins for Editor in 0.00 ms.
System.Reflection.TargetInvocationException: Exception has been thrown by the target of an invocation. ---> System.NullReferenceException: Object reference not set to an instance of an object
  at QFramework.Pro.IMGUIGraphAssetModProcessor.OnReloadEditor () [0x0004e] in E:\HQFrameWork\Assets\Plugins\QFramework\ToolKitsPro\GraphKit\IMGUI\Scripts\Editor\IMGUIGraphAssetModProcessor.cs:76 
  at (wrapper managed-to-native) System.Reflection.RuntimeMethodInfo.InternalInvoke(System.Reflection.RuntimeMethodInfo,object,object[],System.Exception&)
  at System.Reflection.RuntimeMethodInfo.Invoke (System.Object obj, System.Reflection.BindingFlags invokeAttr, System.Reflection.Binder binder, System.Object[] parameters, System.Globalization.CultureInfo culture) [0x0006a] in <6073cf49ed704e958b8a66d540dea948>:0 
   --- End of inner exception stack trace ---
  at System.Reflection.RuntimeMethodInfo.Invoke (System.Object obj, System.Reflection.BindingFlags invokeAttr, System.Reflection.Binder binder, System.Object[] parameters, System.Globalization.CultureInfo culture) [0x00083] in <6073cf49ed704e958b8a66d540dea948>:0 
  at System.Reflection.MethodBase.Invoke (System.Object obj, System.Object[] parameters) [0x00000] in <6073cf49ed704e958b8a66d540dea948>:0 
  at UnityEditor.EditorAssemblies.ProcessInitializeOnLoadMethodAttributes () [0x000a5] in <bdbae0e7a2b24e08ad2f04e9eab5eb82>:0 
UnityEngine.StackTraceUtility:ExtractStackTrace ()
UnityEngine.DebugLogHandler:LogFormat (UnityEngine.LogType,UnityEngine.Object,string,object[])
UnityEngine.Logger:Log (UnityEngine.LogType,object)
UnityEngine.Debug:LogError (object)
UnityEditor.EditorAssemblies:ProcessInitializeOnLoadMethodAttributes ()

Mono: successfully reloaded assembly
- Completed reload, in  3.273 seconds
Domain Reload Profiling:
	ReloadAssembly (3279ms)
		BeginReloadAssembly (234ms)
			ExecutionOrderSort (0ms)
			DisableScriptedObjects (4ms)
			BackupInstance (0ms)
			ReleaseScriptingObjects (0ms)
			CreateAndSetChildDomain (52ms)
		EndReloadAssembly (2727ms)
			LoadAssemblies (324ms)
			RebuildTransferFunctionScriptingTraits (0ms)
			SetupTypeCache (887ms)
			ReleaseScriptCaches (2ms)
			RebuildScriptCaches (107ms)
			SetupLoadedEditorAssemblies (1148ms)
				LogAssemblyErrors (0ms)
				InitializePlatformSupportModulesInManaged (37ms)
				SetLoadedEditorAssemblies (1ms)
				RefreshPlugins (1ms)
				BeforeProcessingInitializeOnLoad (219ms)
				ProcessInitializeOnLoadAttributes (435ms)
				ProcessInitializeOnLoadMethodAttributes (398ms)
				AfterProcessingInitializeOnLoad (56ms)
				EditorAssembliesLoaded (1ms)
			ExecutionOrderSort2 (0ms)
			AwakeInstancesAfterBackupRestoration (10ms)
Platform modules already initialized, skipping
Refreshing native plugins compatible for Editor in 19.35 ms, found 5 plugins.
Preloading 0 native plugins for Editor in 0.00 ms.
Unloading 6182 Unused Serialized files (Serialized files now loaded: 0)
Unloading 53 unused Assets / (0.7 MB). Loaded Objects now: 6763.
Memory consumption went from 227.4 MB to 226.7 MB.
Total: 10.958200 ms (FindLiveObjects: 0.530200 ms CreateObjectMapping: 0.433300 ms MarkObjects: 9.684800 ms  DeleteObjects: 0.308600 ms)

AssetImportParameters requested are different than current active one (requested -> active):
  custom:video-decoder-ogg-theora: a1e56fd34408186e4bbccfd4996cb3dc -> 
  custom:container-muxer-webm: aa71ff27fc2769a1b78a27578f13a17b -> 
  custom:container-demuxer-webm: 4f35f7cbe854078d1ac9338744f61a02 -> 
  custom:video-encoder-webm-vp8: eb34c28f22e8b96e1ab97ce403110664 -> 
  custom:audio-encoder-webm-vorbis: bf7c407c2cedff20999df2af8eb42d56 -> 
  custom:framework-win-MediaFoundation: 216162199b28c13a410421893ffa2e32 -> 
  custom:container-demuxer-ogg: 62fdf1f143b41e24485cea50d1cbac27 -> 
  custom:video-decoder-webm-vp8: 9c59270c3fd7afecdb556c50c9e8de78 -> 
  custom:audio-decoder-ogg-vorbis: bf7c407c2cedff20999df2af8eb42d56 -> 
========================================================================
Received Import Request.
  Time since last request: 451.009743 seconds.
  path: Assets/Plugins/ParadoxNotion/CanvasCore/Framework/Design/Editor/Resources/TypeIcons/Explicit/Remap.png
  artifactKey: Guid(8f0500f18949910499a7c56b7756174d) Importer(815301076,1909f56bfc062723c751e8b465ee728b)
Start importing Assets/Plugins/ParadoxNotion/CanvasCore/Framework/Design/Editor/Resources/TypeIcons/Explicit/Remap.png using Guid(8f0500f18949910499a7c56b7756174d) Importer(815301076,1909f56bfc062723c751e8b465ee728b)  -> (artifact id: 'fe97a039e50f67f95d3c64911bfa849f') in 0.300689 seconds 
========================================================================
Received Import Request.
  Time since last request: 0.000031 seconds.
  path: Assets/Plugins/ParadoxNotion/CanvasCore/Framework/Design/Editor/Resources/TypeIcons/Explicit/IndexSwitcher.png
  artifactKey: Guid(ed5496c4ac88e3d4f944de65fdf5f327) Importer(815301076,1909f56bfc062723c751e8b465ee728b)
Start importing Assets/Plugins/ParadoxNotion/CanvasCore/Framework/Design/Editor/Resources/TypeIcons/Explicit/IndexSwitcher.png using Guid(ed5496c4ac88e3d4f944de65fdf5f327) Importer(815301076,1909f56bfc062723c751e8b465ee728b)  -> (artifact id: 'c3ad9d1345dd52ffe0129f2ef47216af') in 0.045572 seconds 
========================================================================
Received Import Request.
  Time since last request: 0.000047 seconds.
  path: Assets/Plugins/QFramework/ToolKitsPro/GraphKit/IMGUI/Scripts/Editor/Resources/graphkit_imgui_dot_outer.png
  artifactKey: Guid(195db2e27403b401897770426ebc5383) Importer(815301076,1909f56bfc062723c751e8b465ee728b)
Start importing Assets/Plugins/QFramework/ToolKitsPro/GraphKit/IMGUI/Scripts/Editor/Resources/graphkit_imgui_dot_outer.png using Guid(195db2e27403b401897770426ebc5383) Importer(815301076,1909f56bfc062723c751e8b465ee728b)  -> (artifact id: '3fa985a4c9ca2c109f82bc58de777d39') in 0.044944 seconds 
========================================================================
Received Import Request.
  Time since last request: 0.000031 seconds.
  path: Assets/Plugins/QFramework/Toolkits/_CoreKit/PackageKit/Markdown/Resources/Skin/blockcode.png
  artifactKey: Guid(74398cc74facd7c4dbfd5579cf431346) Importer(815301076,1909f56bfc062723c751e8b465ee728b)
Start importing Assets/Plugins/QFramework/Toolkits/_CoreKit/PackageKit/Markdown/Resources/Skin/blockcode.png using Guid(74398cc74facd7c4dbfd5579cf431346) Importer(815301076,1909f56bfc062723c751e8b465ee728b)  -> (artifact id: 'baf1acdeb73c619fc32d84b7550ed588') in 0.054447 seconds 
========================================================================
Received Import Request.
  Time since last request: 0.000029 seconds.
  path: Assets/Plugins/ParadoxNotion/CanvasCore/Framework/Design/Editor/Resources/StyleSheet/StyleSheetTextures/Common/Icons/StatusFailure.png
  artifactKey: Guid(3be8023c9f6e651418165dbf293e4aa1) Importer(815301076,1909f56bfc062723c751e8b465ee728b)
Start importing Assets/Plugins/ParadoxNotion/CanvasCore/Framework/Design/Editor/Resources/StyleSheet/StyleSheetTextures/Common/Icons/StatusFailure.png using Guid(3be8023c9f6e651418165dbf293e4aa1) Importer(815301076,1909f56bfc062723c751e8b465ee728b)  -> (artifact id: 'b5bcbfb1467396b51987e10e48b3160b') in 0.052356 seconds 
========================================================================
Received Import Request.
  Time since last request: 0.005428 seconds.
  path: Assets/Plugins/ParadoxNotion/CanvasCore/Framework/Design/Editor/Resources/TypeIcons/Implicit/FlowCanvas.Nodes.SharpEvent.png
  artifactKey: Guid(2b3fcd6b8d2abca4a8e56d0c5e7ba216) Importer(815301076,1909f56bfc062723c751e8b465ee728b)
Start importing Assets/Plugins/ParadoxNotion/CanvasCore/Framework/Design/Editor/Resources/TypeIcons/Implicit/FlowCanvas.Nodes.SharpEvent.png using Guid(2b3fcd6b8d2abca4a8e56d0c5e7ba216) Importer(815301076,1909f56bfc062723c751e8b465ee728b)  -> (artifact id: '4cbad571d1395f59603070a3cd8944bb') in 0.048842 seconds 
========================================================================
Received Import Request.
  Time since last request: 0.000029 seconds.
  path: Assets/Plugins/ParadoxNotion/CanvasCore/Framework/Design/Editor/Resources/StyleSheet/StyleSheetTextures/Common/Icons/ArrowTop.png
  artifactKey: Guid(4e035b771d4c8594d93c520a1750a81a) Importer(815301076,1909f56bfc062723c751e8b465ee728b)
Start importing Assets/Plugins/ParadoxNotion/CanvasCore/Framework/Design/Editor/Resources/StyleSheet/StyleSheetTextures/Common/Icons/ArrowTop.png using Guid(4e035b771d4c8594d93c520a1750a81a) Importer(815301076,1909f56bfc062723c751e8b465ee728b)  -> (artifact id: '2a8b5c0463053816b5a58fac284d616b') in 0.052498 seconds 
========================================================================
Received Import Request.
  Time since last request: 0.000038 seconds.
  path: Assets/Plugins/ParadoxNotion/CanvasCore/Framework/Design/Editor/Resources/StyleSheet/StyleSheetTextures/Light/Window.psd
  artifactKey: Guid(673cd48a419d6c94fbc67d4bc862e05b) Importer(815301076,1909f56bfc062723c751e8b465ee728b)
Start importing Assets/Plugins/ParadoxNotion/CanvasCore/Framework/Design/Editor/Resources/StyleSheet/StyleSheetTextures/Light/Window.psd using Guid(673cd48a419d6c94fbc67d4bc862e05b) Importer(815301076,1909f56bfc062723c751e8b465ee728b)  -> (artifact id: '2f8cd288b5a47e41227ccf27523112c7') in 0.077822 seconds 
========================================================================
Received Import Request.
  Time since last request: 0.000065 seconds.
  path: Assets/Plugins/QFramework/Toolkits/ResKit/Example/5.LoadSpriteAtlasExample/Square.png
  artifactKey: Guid(afbeb24de1e7d465b937cc5c3490bcce) Importer(815301076,1909f56bfc062723c751e8b465ee728b)
Start importing Assets/Plugins/QFramework/Toolkits/ResKit/Example/5.LoadSpriteAtlasExample/Square.png using Guid(afbeb24de1e7d465b937cc5c3490bcce) Importer(815301076,1909f56bfc062723c751e8b465ee728b)  -> (artifact id: '306135c586bd585f0f941c3a7d252d09') in 0.110081 seconds 
========================================================================
Received Import Request.
  Time since last request: 0.000043 seconds.
  path: Assets/Plugins/ParadoxNotion/CanvasCore/Framework/Design/Editor/Resources/TypeIcons/Explicit/StepIterator.png
  artifactKey: Guid(15e4ba6035d41e64c935ae3e74dee12e) Importer(815301076,1909f56bfc062723c751e8b465ee728b)
Start importing Assets/Plugins/ParadoxNotion/CanvasCore/Framework/Design/Editor/Resources/TypeIcons/Explicit/StepIterator.png using Guid(15e4ba6035d41e64c935ae3e74dee12e) Importer(815301076,1909f56bfc062723c751e8b465ee728b)  -> (artifact id: '198e80d47fd214977597df2417453e40') in 0.038003 seconds 
========================================================================
Received Import Request.
  Time since last request: 0.000034 seconds.
  path: Assets/Plugins/ParadoxNotion/CanvasCore/Framework/Design/Editor/Resources/GraphOwnerIcon.png
  artifactKey: Guid(b5eeec78a0081094cb8dfeb83808d762) Importer(815301076,1909f56bfc062723c751e8b465ee728b)
Start importing Assets/Plugins/ParadoxNotion/CanvasCore/Framework/Design/Editor/Resources/GraphOwnerIcon.png using Guid(b5eeec78a0081094cb8dfeb83808d762) Importer(815301076,1909f56bfc062723c751e8b465ee728b)  -> (artifact id: 'f46e79b18ac09f951743826531909eed') in 0.059165 seconds 
========================================================================
Received Import Request.
  Time since last request: 0.000033 seconds.
  path: Assets/Plugins/ParadoxNotion/CanvasCore/Framework/Design/Editor/Resources/TypeIcons/Explicit/Selector.png
  artifactKey: Guid(e9be21d6d1b725e45aca160d0dd96728) Importer(815301076,1909f56bfc062723c751e8b465ee728b)
Start importing Assets/Plugins/ParadoxNotion/CanvasCore/Framework/Design/Editor/Resources/TypeIcons/Explicit/Selector.png using Guid(e9be21d6d1b725e45aca160d0dd96728) Importer(815301076,1909f56bfc062723c751e8b465ee728b)  -> (artifact id: '97c0ca6f52814329af7280572a11d1bd') in 0.034006 seconds 
========================================================================
Received Import Request.
  Time since last request: 0.000035 seconds.
  path: Assets/Plugins/QFramework/Documents/0.DocKit/0.DocKit.Gesture/Editor/0.DocKit.Gesture2.png
  artifactKey: Guid(e89b0a184a4db49a9a1a0ef205d91213) Importer(815301076,1909f56bfc062723c751e8b465ee728b)
Start importing Assets/Plugins/QFramework/Documents/0.DocKit/0.DocKit.Gesture/Editor/0.DocKit.Gesture2.png using Guid(e89b0a184a4db49a9a1a0ef205d91213) Importer(815301076,1909f56bfc062723c751e8b465ee728b)  -> (artifact id: '289a87b3b14d34bda21eb305a406839c') in 0.029036 seconds 
========================================================================
Received Import Request.
  Time since last request: 0.000035 seconds.
  path: Assets/Plugins/QFramework/Toolkits/_CoreKit/PackageKit/Markdown/Resources/Skin/blockquote-ds.png
  artifactKey: Guid(0d3a2dede56f6c34b8b664b12273349a) Importer(815301076,1909f56bfc062723c751e8b465ee728b)
Start importing Assets/Plugins/QFramework/Toolkits/_CoreKit/PackageKit/Markdown/Resources/Skin/blockquote-ds.png using Guid(0d3a2dede56f6c34b8b664b12273349a) Importer(815301076,1909f56bfc062723c751e8b465ee728b)  -> (artifact id: '6ac3624ce21afae5f90cf1db814e5a24') in 0.019626 seconds 
========================================================================
Received Import Request.
  Time since last request: 0.000036 seconds.
  path: Assets/Plugins/ParadoxNotion/CanvasCore/Framework/Design/Editor/Resources/StyleSheet/StyleSheetTextures/Dark/Window.psd
  artifactKey: Guid(242a336043a24b14d8c36fd24f0645b8) Importer(815301076,1909f56bfc062723c751e8b465ee728b)
Start importing Assets/Plugins/ParadoxNotion/CanvasCore/Framework/Design/Editor/Resources/StyleSheet/StyleSheetTextures/Dark/Window.psd using Guid(242a336043a24b14d8c36fd24f0645b8) Importer(815301076,1909f56bfc062723c751e8b465ee728b)  -> (artifact id: 'd5adbccb33ed5454de3f5e6b95f0bd3d') in 0.023265 seconds 
========================================================================
Received Import Request.
  Time since last request: 0.000029 seconds.
  path: Assets/Plugins/QFramework/Toolkits/ResKit/Example/1.LoadAssetBundleResExample/TestImage.png
  artifactKey: Guid(0638617874cec9748bb08f65da476511) Importer(815301076,1909f56bfc062723c751e8b465ee728b)
Start importing Assets/Plugins/QFramework/Toolkits/ResKit/Example/1.LoadAssetBundleResExample/TestImage.png using Guid(0638617874cec9748bb08f65da476511) Importer(815301076,1909f56bfc062723c751e8b465ee728b)  -> (artifact id: '218f784d354e612aeac5af7b73c83d00') in 0.044406 seconds 
========================================================================
Received Import Request.
  Time since last request: 0.000048 seconds.
  path: Assets/Plugins/QFramework/Documents/0.DocKit/1.DocKit.Edit/Editor/1.DocKit.Edit.6.EN.png
  artifactKey: Guid(40ba130f67af241ed9e018e4df7bf021) Importer(815301076,1909f56bfc062723c751e8b465ee728b)
Start importing Assets/Plugins/QFramework/Documents/0.DocKit/1.DocKit.Edit/Editor/1.DocKit.Edit.6.EN.png using Guid(40ba130f67af241ed9e018e4df7bf021) Importer(815301076,1909f56bfc062723c751e8b465ee728b)  -> (artifact id: '55db8a16ad646c5a598695e4fb60d60b') in 0.039445 seconds 
========================================================================
Received Import Request.
  Time since last request: 0.000036 seconds.
  path: Assets/Plugins/QFramework/ToolKitsPro/GraphKit/NodeGraphProcessorModified/Editor/untitled.png
  artifactKey: Guid(1de7c5d50e3baa24fa9efe7858412d41) Importer(815301076,1909f56bfc062723c751e8b465ee728b)
Start importing Assets/Plugins/QFramework/ToolKitsPro/GraphKit/NodeGraphProcessorModified/Editor/untitled.png using Guid(1de7c5d50e3baa24fa9efe7858412d41) Importer(815301076,1909f56bfc062723c751e8b465ee728b)  -> (artifact id: 'f4e22cd0a829fc5aeef180fa9708c254') in 0.030789 seconds 
========================================================================
Received Import Request.
  Time since last request: 0.000026 seconds.
  path: Assets/Plugins/ParadoxNotion/CanvasCore/Framework/Design/Editor/Resources/StyleSheet/StyleSheetTextures/Common/Button.psd
  artifactKey: Guid(df579b6e00e47fe439bc97324e29bd72) Importer(815301076,1909f56bfc062723c751e8b465ee728b)
Start importing Assets/Plugins/ParadoxNotion/CanvasCore/Framework/Design/Editor/Resources/StyleSheet/StyleSheetTextures/Common/Button.psd using Guid(df579b6e00e47fe439bc97324e29bd72) Importer(815301076,1909f56bfc062723c751e8b465ee728b)  -> (artifact id: '1f9ca00242c87fafa042f4c922a81b49') in 0.026324 seconds 
========================================================================
Received Import Request.
  Time since last request: 0.000033 seconds.
  path: Assets/Plugins/ParadoxNotion/CanvasCore/Framework/Design/Editor/Resources/TypeIcons/Explicit/Sequencer.png
  artifactKey: Guid(7860a96b74c886840b0d2d9c2579fc61) Importer(815301076,1909f56bfc062723c751e8b465ee728b)
Start importing Assets/Plugins/ParadoxNotion/CanvasCore/Framework/Design/Editor/Resources/TypeIcons/Explicit/Sequencer.png using Guid(7860a96b74c886840b0d2d9c2579fc61) Importer(815301076,1909f56bfc062723c751e8b465ee728b)  -> (artifact id: '23ad40b28b165e3f1a178756924fa6d5') in 0.027051 seconds 
========================================================================
Received Import Request.
  Time since last request: 0.000039 seconds.
  path: Assets/Plugins/ParadoxNotion/CanvasCore/Framework/Design/Editor/Resources/TypeIcons/Implicit/UnityEngine.Vector3.png
  artifactKey: Guid(7e6e189291640e440a9d8024c13f0dd5) Importer(815301076,1909f56bfc062723c751e8b465ee728b)
Start importing Assets/Plugins/ParadoxNotion/CanvasCore/Framework/Design/Editor/Resources/TypeIcons/Implicit/UnityEngine.Vector3.png using Guid(7e6e189291640e440a9d8024c13f0dd5) Importer(815301076,1909f56bfc062723c751e8b465ee728b)  -> (artifact id: 'c0fe87be22b0fb292ec5dd9d272fd3fe') in 0.064333 seconds 
========================================================================
Received Import Request.
  Time since last request: 0.000032 seconds.
  path: Assets/Plugins/QFramework/Toolkits/_CoreKit/PackageKit/Markdown/Resources/Skin/trl-ds.png
  artifactKey: Guid(3a9f745f87a330044aaff20d69265112) Importer(815301076,1909f56bfc062723c751e8b465ee728b)
Start importing Assets/Plugins/QFramework/Toolkits/_CoreKit/PackageKit/Markdown/Resources/Skin/trl-ds.png using Guid(3a9f745f87a330044aaff20d69265112) Importer(815301076,1909f56bfc062723c751e8b465ee728b)  -> (artifact id: '75d76e46582ffe6a647716f6599e0010') in 0.026677 seconds 
========================================================================
Received Import Request.
  Time since last request: 0.000028 seconds.
  path: Assets/Plugins/ParadoxNotion/CanvasCore/Framework/Design/Editor/Resources/StyleSheet/StyleSheetTextures/Dark/Icons/VerboseLevel1.png
  artifactKey: Guid(54e96ea4c35de7544a6b8f80768337c0) Importer(815301076,1909f56bfc062723c751e8b465ee728b)
Start importing Assets/Plugins/ParadoxNotion/CanvasCore/Framework/Design/Editor/Resources/StyleSheet/StyleSheetTextures/Dark/Icons/VerboseLevel1.png using Guid(54e96ea4c35de7544a6b8f80768337c0) Importer(815301076,1909f56bfc062723c751e8b465ee728b)  -> (artifact id: '1481ccbb5b9a9032fc2ecc01fcef57f6') in 0.039038 seconds 
========================================================================
Received Import Request.
  Time since last request: 0.000032 seconds.
  path: Assets/Plugins/ParadoxNotion/CanvasCore/Framework/Design/Editor/Resources/StyleSheet/StyleSheetTextures/Light/Icons/Brackets.png
  artifactKey: Guid(fdbd85c89f131924e97c3ee00118282a) Importer(815301076,1909f56bfc062723c751e8b465ee728b)
Start importing Assets/Plugins/ParadoxNotion/CanvasCore/Framework/Design/Editor/Resources/StyleSheet/StyleSheetTextures/Light/Icons/Brackets.png using Guid(fdbd85c89f131924e97c3ee00118282a) Importer(815301076,1909f56bfc062723c751e8b465ee728b)  -> (artifact id: '93b5a18bb796294620c6f1a5ec5685d9') in 0.036515 seconds 
========================================================================
Received Import Request.
  Time since last request: 0.000036 seconds.
  path: Assets/Plugins/QFramework/Toolkits/_CoreKit/ActionKit/Example/Deprecate/6.TimerDemo/8.png
  artifactKey: Guid(7009032376491104d9150797548a9b01) Importer(815301076,1909f56bfc062723c751e8b465ee728b)
Start importing Assets/Plugins/QFramework/Toolkits/_CoreKit/ActionKit/Example/Deprecate/6.TimerDemo/8.png using Guid(7009032376491104d9150797548a9b01) Importer(815301076,1909f56bfc062723c751e8b465ee728b)  -> (artifact id: 'd971ced36b704aee70b1644c7dbe06bc') in 0.053034 seconds 
========================================================================
Received Import Request.
  Time since last request: 0.000030 seconds.
  path: Assets/Plugins/ParadoxNotion/CanvasCore/Framework/Design/Editor/Resources/StyleSheet/StyleSheetTextures/Common/HollowBox.psd
  artifactKey: Guid(7e36b2db229659c479458e70c70ba486) Importer(815301076,1909f56bfc062723c751e8b465ee728b)
Start importing Assets/Plugins/ParadoxNotion/CanvasCore/Framework/Design/Editor/Resources/StyleSheet/StyleSheetTextures/Common/HollowBox.psd using Guid(7e36b2db229659c479458e70c70ba486) Importer(815301076,1909f56bfc062723c751e8b465ee728b)  -> (artifact id: '06bdefb7f11a4929e5a101b0ed31d8fa') in 0.038137 seconds 
========================================================================
Received Prepare
Registering precompiled user dll's ...
Registered in 0.268425 seconds.
Begin MonoManager ReloadAssembly
Symbol file LoadedFromMemory doesn't match image E:\HQFrameWork\Library\PackageCache\com.unity.visualscripting@1.7.6\Editor\VisualScripting.Core\Dependencies\DotNetZip\Unity.VisualScripting.IonicZip.dll
Symbol file LoadedFromMemory doesn't match image E:\HQFrameWork\Library\PackageCache\com.unity.visualscripting@1.7.6\Editor\VisualScripting.Core\Dependencies\YamlDotNet\Unity.VisualScripting.YamlDotNet.dll
Symbol file LoadedFromMemory is not a mono symbol file
Native extension for WindowsStandalone target not found
Refreshing native plugins compatible for Editor in 10.92 ms, found 5 plugins.
Preloading 0 native plugins for Editor in 0.00 ms.
System.Reflection.TargetInvocationException: Exception has been thrown by the target of an invocation. ---> System.NullReferenceException: Object reference not set to an instance of an object
  at QFramework.Pro.IMGUIGraphAssetModProcessor.OnReloadEditor () [0x0004e] in E:\HQFrameWork\Assets\Plugins\QFramework\ToolKitsPro\GraphKit\IMGUI\Scripts\Editor\IMGUIGraphAssetModProcessor.cs:76 
  at (wrapper managed-to-native) System.Reflection.RuntimeMethodInfo.InternalInvoke(System.Reflection.RuntimeMethodInfo,object,object[],System.Exception&)
  at System.Reflection.RuntimeMethodInfo.Invoke (System.Object obj, System.Reflection.BindingFlags invokeAttr, System.Reflection.Binder binder, System.Object[] parameters, System.Globalization.CultureInfo culture) [0x0006a] in <6073cf49ed704e958b8a66d540dea948>:0 
   --- End of inner exception stack trace ---
  at System.Reflection.RuntimeMethodInfo.Invoke (System.Object obj, System.Reflection.BindingFlags invokeAttr, System.Reflection.Binder binder, System.Object[] parameters, System.Globalization.CultureInfo culture) [0x00083] in <6073cf49ed704e958b8a66d540dea948>:0 
  at System.Reflection.MethodBase.Invoke (System.Object obj, System.Object[] parameters) [0x00000] in <6073cf49ed704e958b8a66d540dea948>:0 
  at UnityEditor.EditorAssemblies.ProcessInitializeOnLoadMethodAttributes () [0x000a5] in <bdbae0e7a2b24e08ad2f04e9eab5eb82>:0 
UnityEngine.StackTraceUtility:ExtractStackTrace ()
UnityEngine.DebugLogHandler:LogFormat (UnityEngine.LogType,UnityEngine.Object,string,object[])
UnityEngine.Logger:Log (UnityEngine.LogType,object)
UnityEngine.Debug:LogError (object)
UnityEditor.EditorAssemblies:ProcessInitializeOnLoadMethodAttributes ()

Mono: successfully reloaded assembly
- Completed reload, in  4.675 seconds
Domain Reload Profiling:
	ReloadAssembly (4676ms)
		BeginReloadAssembly (369ms)
			ExecutionOrderSort (0ms)
			DisableScriptedObjects (4ms)
			BackupInstance (0ms)
			ReleaseScriptingObjects (0ms)
			CreateAndSetChildDomain (66ms)
		EndReloadAssembly (4019ms)
			LoadAssemblies (372ms)
			RebuildTransferFunctionScriptingTraits (0ms)
			SetupTypeCache (857ms)
			ReleaseScriptCaches (3ms)
			RebuildScriptCaches (109ms)
			SetupLoadedEditorAssemblies (2497ms)
				LogAssemblyErrors (0ms)
				InitializePlatformSupportModulesInManaged (39ms)
				SetLoadedEditorAssemblies (1ms)
				RefreshPlugins (11ms)
				BeforeProcessingInitializeOnLoad (1309ms)
				ProcessInitializeOnLoadAttributes (555ms)
				ProcessInitializeOnLoadMethodAttributes (476ms)
				AfterProcessingInitializeOnLoad (98ms)
				EditorAssembliesLoaded (9ms)
			ExecutionOrderSort2 (0ms)
			AwakeInstancesAfterBackupRestoration (18ms)
Platform modules already initialized, skipping
Refreshing native plugins compatible for Editor in 31.89 ms, found 5 plugins.
Preloading 0 native plugins for Editor in 0.00 ms.
Unloading 6182 Unused Serialized files (Serialized files now loaded: 0)
Unloading 53 unused Assets / (0.8 MB). Loaded Objects now: 6795.
Memory consumption went from 227.5 MB to 226.8 MB.
Total: 14.237700 ms (FindLiveObjects: 1.639500 ms CreateObjectMapping: 1.224900 ms MarkObjects: 11.048200 ms  DeleteObjects: 0.322900 ms)

AssetImportParameters requested are different than current active one (requested -> active):
  custom:video-decoder-ogg-theora: a1e56fd34408186e4bbccfd4996cb3dc -> 
  custom:container-muxer-webm: aa71ff27fc2769a1b78a27578f13a17b -> 
  custom:container-demuxer-webm: 4f35f7cbe854078d1ac9338744f61a02 -> 
  custom:video-encoder-webm-vp8: eb34c28f22e8b96e1ab97ce403110664 -> 
  custom:audio-encoder-webm-vorbis: bf7c407c2cedff20999df2af8eb42d56 -> 
  custom:framework-win-MediaFoundation: 216162199b28c13a410421893ffa2e32 -> 
  custom:container-demuxer-ogg: 62fdf1f143b41e24485cea50d1cbac27 -> 
  custom:video-decoder-webm-vp8: 9c59270c3fd7afecdb556c50c9e8de78 -> 
  custom:audio-decoder-ogg-vorbis: bf7c407c2cedff20999df2af8eb42d56 -> 
========================================================================
Received Prepare
Registering precompiled user dll's ...
Registered in 1.166122 seconds.
Begin MonoManager ReloadAssembly
Symbol file LoadedFromMemory doesn't match image E:\HQFrameWork\Library\PackageCache\com.unity.visualscripting@1.7.6\Editor\VisualScripting.Core\Dependencies\DotNetZip\Unity.VisualScripting.IonicZip.dll
Symbol file LoadedFromMemory doesn't match image E:\HQFrameWork\Library\PackageCache\com.unity.visualscripting@1.7.6\Editor\VisualScripting.Core\Dependencies\YamlDotNet\Unity.VisualScripting.YamlDotNet.dll
Symbol file LoadedFromMemory is not a mono symbol file
Native extension for WindowsStandalone target not found
Refreshing native plugins compatible for Editor in 1.05 ms, found 5 plugins.
Preloading 0 native plugins for Editor in 0.00 ms.
System.Reflection.TargetInvocationException: Exception has been thrown by the target of an invocation. ---> System.NullReferenceException: Object reference not set to an instance of an object
  at QFramework.Pro.IMGUIGraphAssetModProcessor.OnReloadEditor () [0x0004e] in E:\HQFrameWork\Assets\Plugins\QFramework\ToolKitsPro\GraphKit\IMGUI\Scripts\Editor\IMGUIGraphAssetModProcessor.cs:76 
  at (wrapper managed-to-native) System.Reflection.RuntimeMethodInfo.InternalInvoke(System.Reflection.RuntimeMethodInfo,object,object[],System.Exception&)
  at System.Reflection.RuntimeMethodInfo.Invoke (System.Object obj, System.Reflection.BindingFlags invokeAttr, System.Reflection.Binder binder, System.Object[] parameters, System.Globalization.CultureInfo culture) [0x0006a] in <6073cf49ed704e958b8a66d540dea948>:0 
   --- End of inner exception stack trace ---
  at System.Reflection.RuntimeMethodInfo.Invoke (System.Object obj, System.Reflection.BindingFlags invokeAttr, System.Reflection.Binder binder, System.Object[] parameters, System.Globalization.CultureInfo culture) [0x00083] in <6073cf49ed704e958b8a66d540dea948>:0 
  at System.Reflection.MethodBase.Invoke (System.Object obj, System.Object[] parameters) [0x00000] in <6073cf49ed704e958b8a66d540dea948>:0 
  at UnityEditor.EditorAssemblies.ProcessInitializeOnLoadMethodAttributes () [0x000a5] in <bdbae0e7a2b24e08ad2f04e9eab5eb82>:0 
UnityEngine.StackTraceUtility:ExtractStackTrace ()
UnityEngine.DebugLogHandler:LogFormat (UnityEngine.LogType,UnityEngine.Object,string,object[])
UnityEngine.Logger:Log (UnityEngine.LogType,object)
UnityEngine.Debug:LogError (object)
UnityEditor.EditorAssemblies:ProcessInitializeOnLoadMethodAttributes ()

Mono: successfully reloaded assembly
- Completed reload, in  3.879 seconds
Domain Reload Profiling:
	ReloadAssembly (3883ms)
		BeginReloadAssembly (321ms)
			ExecutionOrderSort (0ms)
			DisableScriptedObjects (11ms)
			BackupInstance (0ms)
			ReleaseScriptingObjects (0ms)
			CreateAndSetChildDomain (58ms)
		EndReloadAssembly (3138ms)
			LoadAssemblies (424ms)
			RebuildTransferFunctionScriptingTraits (0ms)
			SetupTypeCache (801ms)
			ReleaseScriptCaches (2ms)
			RebuildScriptCaches (71ms)
			SetupLoadedEditorAssemblies (662ms)
				LogAssemblyErrors (0ms)
				InitializePlatformSupportModulesInManaged (16ms)
				SetLoadedEditorAssemblies (1ms)
				RefreshPlugins (1ms)
				BeforeProcessingInitializeOnLoad (110ms)
				ProcessInitializeOnLoadAttributes (301ms)
				ProcessInitializeOnLoadMethodAttributes (190ms)
				AfterProcessingInitializeOnLoad (42ms)
				EditorAssembliesLoaded (1ms)
			ExecutionOrderSort2 (0ms)
			AwakeInstancesAfterBackupRestoration (10ms)
Platform modules already initialized, skipping
Refreshing native plugins compatible for Editor in 8.33 ms, found 5 plugins.
Preloading 0 native plugins for Editor in 0.00 ms.
Unloading 6182 Unused Serialized files (Serialized files now loaded: 0)
Unloading 53 unused Assets / (0.8 MB). Loaded Objects now: 6810.
Memory consumption went from 227.6 MB to 226.8 MB.
Total: 12.601600 ms (FindLiveObjects: 0.433400 ms CreateObjectMapping: 0.280000 ms MarkObjects: 11.517600 ms  DeleteObjects: 0.368100 ms)

AssetImportParameters requested are different than current active one (requested -> active):
  custom:video-decoder-ogg-theora: a1e56fd34408186e4bbccfd4996cb3dc -> 
  custom:container-muxer-webm: aa71ff27fc2769a1b78a27578f13a17b -> 
  custom:container-demuxer-webm: 4f35f7cbe854078d1ac9338744f61a02 -> 
  custom:video-encoder-webm-vp8: eb34c28f22e8b96e1ab97ce403110664 -> 
  custom:audio-encoder-webm-vorbis: bf7c407c2cedff20999df2af8eb42d56 -> 
  custom:framework-win-MediaFoundation: 216162199b28c13a410421893ffa2e32 -> 
  custom:container-demuxer-ogg: 62fdf1f143b41e24485cea50d1cbac27 -> 
  custom:video-decoder-webm-vp8: 9c59270c3fd7afecdb556c50c9e8de78 -> 
  custom:audio-decoder-ogg-vorbis: bf7c407c2cedff20999df2af8eb42d56 -> 
Editor requested this worker to shutdown with reason: Scaling down because of idle timeout
AssetImportWorker is now disconnected from the server
Process exiting
Exiting without the bug reporter. Application will terminate with return code 0